#
# A fatal error has been detected by the Java Runtime Environment:
#
#  EXCEPTION_ACCESS_VIOLATION (0xc0000005) at pc=0x0000000076a14669, pid=24740, tid=6824
#
# JRE version: OpenJDK Runtime Environment AdoptOpenJDK (11.0.8+10) (build 11.0.8+10)
# Java VM: OpenJDK 64-Bit Server VM AdoptOpenJDK (11.0.8+10, mixed mode, tiered, compressed oops, g1 gc, windows-amd64)
# Problematic frame:
# C  [libswipl.dll+0x14669]
#
# No core dump will be written. Minidumps are not enabled by default on client versions of Windows
#
# If you would like to submit a bug report, please visit:
#   https://github.com/AdoptOpenJDK/openjdk-support/issues
# The crash happened outside the Java Virtual Machine in native code.
# See problematic frame for where to report the bug.
#

---------------  S U M M A R Y ------------

Command Line: -javaagent:D:\IntelliJ\IntelliJ IDEA Community Edition 2020.2.3\lib\idea_rt.jar=53941:D:\IntelliJ\IntelliJ IDEA Community Edition 2020.2.3\bin -Dfile.encoding=UTF-8 com.sbc.rest.service.Application

Host: Intel(R) Core(TM) i7-8700K CPU @ 3.70GHz, 12 cores, 15G,  Windows 10 , 64 bit Build 19041 (10.0.19041.928)
Time: Mon Apr 19 00:00:15 2021 GMT Daylight Time elapsed time: 0 seconds (0d 0h 0m 0s)

---------------  T H R E A D  ---------------

Current thread (0x000001bdc4111800):  JavaThread "main" [_thread_in_native, id=6824, stack(0x0000006bb5400000,0x0000006bb5500000)]

Stack: [0x0000006bb5400000,0x0000006bb5500000],  sp=0x0000006bb54ff070,  free space=1020k
Native frames: (J=compiled Java code, j=interpreted, Vv=VM code, C=native code)
C  [libswipl.dll+0x14669]

Java frames: (J=compiled Java code, j=interpreted, Vv=VM code)
j  org.jpl7.fli.Prolog.open_query(Lorg/jpl7/fli/module_t;ILorg/jpl7/fli/predicate_t;Lorg/jpl7/fli/term_t;)Lorg/jpl7/fli/qid_t;+0
j  org.jpl7.Query.open()V+237
j  org.jpl7.Util.textToTerm(Ljava/lang/String;)Lorg/jpl7/Term;+57
j  org.jpl7.Query.<init>(Ljava/lang/String;)V+2
j  com.sbc.rest.service.Application.<clinit>()V+6
v  ~StubRoutines::call_stub

siginfo: EXCEPTION_ACCESS_VIOLATION (0xc0000005), reading address 0xffffffffe9ce3b80


Register to memory mapping:

RIP=0x0000000076a14669 libswipl.dll
RAX=0x000001bde97a0d70 points into unknown readable memory: 50 10 7a e9 bd 01 00 00
RBX=0xffffffffe9ce3b80 is an unknown value
RCX=0x0000000000000001 is an unknown value
RDX=0x0000000000000003 is an unknown value
RSP=0x0000006bb54ff070 is pointing into the stack for thread: 0x000001bdc4111800
RBP=0xffffffffe97bb9f0 is an unknown value
RSI=0xffffffffe9ce3b80 is an unknown value
RDI=0x0000006bb54ff1e8 is pointing into the stack for thread: 0x000001bdc4111800
R8 =0xffffffffe9ce3b80 is an unknown value
R9 =0x0000000000000016 is an unknown value
R10=0x0000000000000004 is an unknown value
R11=0x00007ffab284735c jvm.dll
R12=0x0000000000000008 is an unknown value
R13={method} {0x000001bde8913040} 'open_query' '(Lorg/jpl7/fli/module_t;ILorg/jpl7/fli/predicate_t;Lorg/jpl7/fli/term_t;)Lorg/jpl7/fli/qid_t;' in 'org/jpl7/fli/Prolog'
R14=0x0000000000000016 is an unknown value
R15=0x0000000076b34dc0 libswipl.dll


Registers:
RAX=0x000001bde97a0d70, RBX=0xffffffffe9ce3b80, RCX=0x0000000000000001, RDX=0x0000000000000003
RSP=0x0000006bb54ff070, RBP=0xffffffffe97bb9f0, RSI=0xffffffffe9ce3b80, RDI=0x0000006bb54ff1e8
R8 =0xffffffffe9ce3b80, R9 =0x0000000000000016, R10=0x0000000000000004, R11=0x00007ffab284735c
R12=0x0000000000000008, R13=0x000001bde8913038, R14=0x0000000000000016, R15=0x0000000076b34dc0
RIP=0x0000000076a14669, EFLAGS=0x0000000000010246

Top of Stack: (sp=0x0000006bb54ff070)
0x0000006bb54ff070:   000001bdc4111800 0000006bb54ff200
0x0000006bb54ff080:   000001bde8913038 00007ffab1fb6619
0x0000006bb54ff090:   000001bdcc789b00 00000000e204fbe2
0x0000006bb54ff0a0:   000001bdc4111800 000001bdc4111b40
0x0000006bb54ff0b0:   ffffffffe9ce3b80 0000006bb54ff1e8
0x0000006bb54ff0c0:   ffffffffe97bb9f0 0000000000000008
0x0000006bb54ff0d0:   000001bde8913038 0000006bb54ff200
0x0000006bb54ff0e0:   000001bdc4111800 00000000500984ca
0x0000006bb54ff0f0:   ffffffffe97bb9f0 00000000e204fbe2
0x0000006bb54ff100:   000001bde8913038 000001bdcc78ede0
0x0000006bb54ff110:   000001bde8913038 00000000e204fbe2
0x0000006bb54ff120:   000001bdcc789b00 0000006bb54ff1c8
0x0000006bb54ff130:   0000000000000000 000001bdcc78ef97
0x0000006bb54ff140:   000001bdcc789b00 000001bdcc78ec7c
0x0000006bb54ff150:   000001bdc4111800 000001bde8913038
0x0000006bb54ff160:   0000006bb54ff1f0 0000006bb54ff1e8 

Instructions: (pc=0x0000000076a14669)
0x0000000076a14569:   77 19 4c 8b 4a 50 49 39 c9 76 10 4c 8b 51 28 4d
0x0000000076a14579:   39 d1 76 05 4d 39 d0 76 03 31 c0 c3 83 39 04 77
0x0000000076a14589:   fa 48 8b 42 10 48 39 c1 73 09 48 8b 40 08 48 39
0x0000000076a14599:   c1 72 f7 48 39 c1 0f 94 c0 0f b6 c0 c3 66 2e 0f
0x0000000076a145a9:   1f 84 00 00 00 00 00 41 57 41 56 41 55 41 54 55
0x0000000076a145b9:   57 56 53 48 83 ec 38 48 8b 05 f9 66 10 00 48 89
0x0000000076a145c9:   8c 24 80 00 00 00 41 89 d4 4c 89 c3 4d 89 ce 8b
0x0000000076a145d9:   08 ff 15 f8 5e 12 00 8b 0d e2 aa 11 00 49 89 c7
0x0000000076a145e9:   85 c9 75 5b 48 8b 05 bc 66 10 00 c7 05 ca aa 11
0x0000000076a145f9:   00 01 00 00 00 48 8b 80 30 18 00 00 48 8b 00 48
0x0000000076a14609:   c7 05 7d aa 11 00 ff ff ff ff 48 c7 05 9a aa 11
0x0000000076a14619:   00 01 00 00 00 48 89 05 5b aa 11 00 48 8b 05 74
0x0000000076a14629:   66 10 00 48 8b 80 08 02 00 00 48 89 05 86 aa 11
0x0000000076a14639:   00 48 8d 05 3f aa 11 00 48 89 05 08 aa 11 00 49
0x0000000076a14649:   8b 47 18 49 3b 47 08 0f 86 aa 03 00 00 48 63 50
0x0000000076a14659:   04 48 8d 44 d0 28 49 39 47 50 0f 82 47 03 00 00
0x0000000076a14669:   48 8b 33 48 83 7e 20 00 8b 46 48 0f 84 60 03 00
0x0000000076a14679:   00 f6 c4 04 74 12 49 8b 97 40 0b 00 00 48 89 f1
0x0000000076a14689:   e8 92 3b ff ff 48 89 c6 49 8b 47 50 48 8d 90 60
0x0000000076a14699:   21 00 00 49 39 57 58 48 89 c7 0f 82 aa 04 00 00
0x0000000076a146a9:   a8 0f 48 89 c3 74 0c 48 83 c3 08 f6 c3 0f 75 f7
0x0000000076a146b9:   48 89 df 4c 8b 2d ed 65 10 00 48 89 43 70 48 8d
0x0000000076a146c9:   83 d0 00 00 00 48 c7 83 d8 00 00 00 00 00 00 00
0x0000000076a146d9:   48 89 44 24 20 49 8b 85 30 18 00 00 48 8b 08 48
0x0000000076a146e9:   8d 05 51 a9 11 00 48 c7 83 d0 00 00 00 00 00 00
0x0000000076a146f9:   00 48 89 83 e0 00 00 00 48 89 8b e8 00 00 00 41
0x0000000076a14709:   8b 97 60 05 00 00 85 d2 0f 85 bb 03 00 00 48 c7
0x0000000076a14719:   83 f8 00 00 00 00 00 00 00 49 8b 47 08 48 85 c0
0x0000000076a14729:   0f 84 bf 03 00 00 8b 50 38 8d 42 01 83 c2 02 89
0x0000000076a14739:   83 08 01 00 00 49 8b 47 08 8b 40 3c 25 4c fe ff
0x0000000076a14749:   ff 89 83 0c 01 00 00 48 8d 8b 10 01 00 00 89 93
0x0000000076a14759:   48 01 00 00 89 83 4c 01 00 00 48 89 4c 24 28 48 


Stack slot to memory mapping:
stack at sp + 0 slots: 0x000001bdc4111800 is a thread
stack at sp + 1 slots: 0x0000006bb54ff200 is pointing into the stack for thread: 0x000001bdc4111800
stack at sp + 2 slots: {method} {0x000001bde8913040} 'open_query' '(Lorg/jpl7/fli/module_t;ILorg/jpl7/fli/predicate_t;Lorg/jpl7/fli/term_t;)Lorg/jpl7/fli/qid_t;' in 'org/jpl7/fli/Prolog'
stack at sp + 3 slots: 0x00007ffab1fb6619 jvm.dll
stack at sp + 4 slots: 0x000001bdcc789b00 is at code_begin+1664 in an Interpreter codelet
invoke return entry points  [0x000001bdcc789480, 0x000001bdcc789e80]  2560 bytes
stack at sp + 5 slots: 3791977442 is a compressed pointer to object: org.jpl7.fli.term_t 
{0x000000071027df10} - klass: 'org/jpl7/fli/term_t'
stack at sp + 6 slots: 0x000001bdc4111800 is a thread
stack at sp + 7 slots: 0x000001bdc4111b40 points into unknown readable memory: f0 cb 7c b2 fa 7f 00 00


---------------  P R O C E S S  ---------------

Threads class SMR info:
_java_thread_list=0x000001bde901f790, length=12, elements={
0x000001bdc4111800, 0x000001bde8249000, 0x000001bde8252000, 0x000001bde825e000,
0x000001bde8b44800, 0x000001bde8b47000, 0x000001bde8b54000, 0x000001bde8b64000,
0x000001bde8202800, 0x000001bde8d1f800, 0x000001bde8e58800, 0x000001bde8fbc000
}

Java Threads: ( => current thread )
=>0x000001bdc4111800 JavaThread "main" [_thread_in_native, id=6824, stack(0x0000006bb5400000,0x0000006bb5500000)]
  0x000001bde8249000 JavaThread "Reference Handler" daemon [_thread_blocked, id=20952, stack(0x0000006bb5b00000,0x0000006bb5c00000)]
  0x000001bde8252000 JavaThread "Finalizer" daemon [_thread_blocked, id=2128, stack(0x0000006bb5c00000,0x0000006bb5d00000)]
  0x000001bde825e000 JavaThread "Signal Dispatcher" daemon [_thread_blocked, id=18092, stack(0x0000006bb5d00000,0x0000006bb5e00000)]
  0x000001bde8b44800 JavaThread "Attach Listener" daemon [_thread_blocked, id=4752, stack(0x0000006bb5e00000,0x0000006bb5f00000)]
  0x000001bde8b47000 JavaThread "C2 CompilerThread0" daemon [_thread_blocked, id=1228, stack(0x0000006bb5f00000,0x0000006bb6000000)]
  0x000001bde8b54000 JavaThread "C1 CompilerThread0" daemon [_thread_blocked, id=17492, stack(0x0000006bb6000000,0x0000006bb6100000)]
  0x000001bde8b64000 JavaThread "Sweeper thread" daemon [_thread_blocked, id=12812, stack(0x0000006bb6100000,0x0000006bb6200000)]
  0x000001bde8202800 JavaThread "Common-Cleaner" daemon [_thread_blocked, id=12708, stack(0x0000006bb6200000,0x0000006bb6300000)]
  0x000001bde8d1f800 JavaThread "C2 CompilerThread1" daemon [_thread_blocked, id=14796, stack(0x0000006bb6300000,0x0000006bb6400000)]
  0x000001bde8e58800 JavaThread "Monitor Ctrl-Break" daemon [_thread_in_native, id=19904, stack(0x0000006bb6400000,0x0000006bb6500000)]
  0x000001bde8fbc000 JavaThread "Service Thread" daemon [_thread_blocked, id=7616, stack(0x0000006bb6500000,0x0000006bb6600000)]

Other Threads:
  0x000001bde8247000 VMThread "VM Thread" [stack: 0x0000006bb5a00000,0x0000006bb5b00000] [id=17740]
  0x000001bde8fbe800 WatcherThread [stack: 0x0000006bb6600000,0x0000006bb6700000] [id=24944]
  0x000001bdc4128000 GCTaskThread "GC Thread#0" [stack: 0x0000006bb5500000,0x0000006bb5600000] [id=17036]
  0x000001bdc4184800 ConcurrentGCThread "G1 Main Marker" [stack: 0x0000006bb5600000,0x0000006bb5700000] [id=25544]
  0x000001bdc4186000 ConcurrentGCThread "G1 Conc#0" [stack: 0x0000006bb5700000,0x0000006bb5800000] [id=22420]
  0x000001bde812a800 ConcurrentGCThread "G1 Refine#0" [stack: 0x0000006bb5800000,0x0000006bb5900000] [id=8860]
  0x000001bde812b800 ConcurrentGCThread "G1 Young RemSet Sampling" [stack: 0x0000006bb5900000,0x0000006bb5a00000] [id=4596]

Threads with active compile tasks:

VM state:not at safepoint (normal execution)

VM Mutex/Monitor currently owned by a thread: None

Heap address: 0x0000000700800000, size: 4088 MB, Compressed Oops mode: Zero based, Oop shift amount: 3
Narrow klass base: 0x0000000800000000, Narrow klass shift: 0
Compressed class space size: 1073741824 Address: 0x0000000800000000

Heap:
 garbage-first heap   total 262144K, used 4096K [0x0000000700800000, 0x0000000800000000)
  region size 1024K, 6 young (6144K), 0 survivors (0K)
 Metaspace       used 7549K, capacity 7662K, committed 7680K, reserved 1056768K
  class space    used 687K, capacity 750K, committed 768K, reserved 1048576K
Heap Regions: E=young(eden), S=young(survivor), O=old, HS=humongous(starts), HC=humongous(continues), CS=collection set, F=free, A=archive, TAMS=top-at-mark-start (previous, next)
|   0|0x0000000700800000, 0x0000000700800000, 0x0000000700900000|  0%| F|  |TAMS 0x0000000700800000, 0x0000000700800000| Untracked 
|   1|0x0000000700900000, 0x0000000700900000, 0x0000000700a00000|  0%| F|  |TAMS 0x0000000700900000, 0x0000000700900000| Untracked 
|   2|0x0000000700a00000, 0x0000000700a00000, 0x0000000700b00000|  0%| F|  |TAMS 0x0000000700a00000, 0x0000000700a00000| Untracked 
|   3|0x0000000700b00000, 0x0000000700b00000, 0x0000000700c00000|  0%| F|  |TAMS 0x0000000700b00000, 0x0000000700b00000| Untracked 
|   4|0x0000000700c00000, 0x0000000700c00000, 0x0000000700d00000|  0%| F|  |TAMS 0x0000000700c00000, 0x0000000700c00000| Untracked 
|   5|0x0000000700d00000, 0x0000000700d00000, 0x0000000700e00000|  0%| F|  |TAMS 0x0000000700d00000, 0x0000000700d00000| Untracked 
|   6|0x0000000700e00000, 0x0000000700e00000, 0x0000000700f00000|  0%| F|  |TAMS 0x0000000700e00000, 0x0000000700e00000| Untracked 
|   7|0x0000000700f00000, 0x0000000700f00000, 0x0000000701000000|  0%| F|  |TAMS 0x0000000700f00000, 0x0000000700f00000| Untracked 
|   8|0x0000000701000000, 0x0000000701000000, 0x0000000701100000|  0%| F|  |TAMS 0x0000000701000000, 0x0000000701000000| Untracked 
|   9|0x0000000701100000, 0x0000000701100000, 0x0000000701200000|  0%| F|  |TAMS 0x0000000701100000, 0x0000000701100000| Untracked 
|  10|0x0000000701200000, 0x0000000701200000, 0x0000000701300000|  0%| F|  |TAMS 0x0000000701200000, 0x0000000701200000| Untracked 
|  11|0x0000000701300000, 0x0000000701300000, 0x0000000701400000|  0%| F|  |TAMS 0x0000000701300000, 0x0000000701300000| Untracked 
|  12|0x0000000701400000, 0x0000000701400000, 0x0000000701500000|  0%| F|  |TAMS 0x0000000701400000, 0x0000000701400000| Untracked 
|  13|0x0000000701500000, 0x0000000701500000, 0x0000000701600000|  0%| F|  |TAMS 0x0000000701500000, 0x0000000701500000| Untracked 
|  14|0x0000000701600000, 0x0000000701600000, 0x0000000701700000|  0%| F|  |TAMS 0x0000000701600000, 0x0000000701600000| Untracked 
|  15|0x0000000701700000, 0x0000000701700000, 0x0000000701800000|  0%| F|  |TAMS 0x0000000701700000, 0x0000000701700000| Untracked 
|  16|0x0000000701800000, 0x0000000701800000, 0x0000000701900000|  0%| F|  |TAMS 0x0000000701800000, 0x0000000701800000| Untracked 
|  17|0x0000000701900000, 0x0000000701900000, 0x0000000701a00000|  0%| F|  |TAMS 0x0000000701900000, 0x0000000701900000| Untracked 
|  18|0x0000000701a00000, 0x0000000701a00000, 0x0000000701b00000|  0%| F|  |TAMS 0x0000000701a00000, 0x0000000701a00000| Untracked 
|  19|0x0000000701b00000, 0x0000000701b00000, 0x0000000701c00000|  0%| F|  |TAMS 0x0000000701b00000, 0x0000000701b00000| Untracked 
|  20|0x0000000701c00000, 0x0000000701c00000, 0x0000000701d00000|  0%| F|  |TAMS 0x0000000701c00000, 0x0000000701c00000| Untracked 
|  21|0x0000000701d00000, 0x0000000701d00000, 0x0000000701e00000|  0%| F|  |TAMS 0x0000000701d00000, 0x0000000701d00000| Untracked 
|  22|0x0000000701e00000, 0x0000000701e00000, 0x0000000701f00000|  0%| F|  |TAMS 0x0000000701e00000, 0x0000000701e00000| Untracked 
|  23|0x0000000701f00000, 0x0000000701f00000, 0x0000000702000000|  0%| F|  |TAMS 0x0000000701f00000, 0x0000000701f00000| Untracked 
|  24|0x0000000702000000, 0x0000000702000000, 0x0000000702100000|  0%| F|  |TAMS 0x0000000702000000, 0x0000000702000000| Untracked 
|  25|0x0000000702100000, 0x0000000702100000, 0x0000000702200000|  0%| F|  |TAMS 0x0000000702100000, 0x0000000702100000| Untracked 
|  26|0x0000000702200000, 0x0000000702200000, 0x0000000702300000|  0%| F|  |TAMS 0x0000000702200000, 0x0000000702200000| Untracked 
|  27|0x0000000702300000, 0x0000000702300000, 0x0000000702400000|  0%| F|  |TAMS 0x0000000702300000, 0x0000000702300000| Untracked 
|  28|0x0000000702400000, 0x0000000702400000, 0x0000000702500000|  0%| F|  |TAMS 0x0000000702400000, 0x0000000702400000| Untracked 
|  29|0x0000000702500000, 0x0000000702500000, 0x0000000702600000|  0%| F|  |TAMS 0x0000000702500000, 0x0000000702500000| Untracked 
|  30|0x0000000702600000, 0x0000000702600000, 0x0000000702700000|  0%| F|  |TAMS 0x0000000702600000, 0x0000000702600000| Untracked 
|  31|0x0000000702700000, 0x0000000702700000, 0x0000000702800000|  0%| F|  |TAMS 0x0000000702700000, 0x0000000702700000| Untracked 
|  32|0x0000000702800000, 0x0000000702800000, 0x0000000702900000|  0%| F|  |TAMS 0x0000000702800000, 0x0000000702800000| Untracked 
|  33|0x0000000702900000, 0x0000000702900000, 0x0000000702a00000|  0%| F|  |TAMS 0x0000000702900000, 0x0000000702900000| Untracked 
|  34|0x0000000702a00000, 0x0000000702a00000, 0x0000000702b00000|  0%| F|  |TAMS 0x0000000702a00000, 0x0000000702a00000| Untracked 
|  35|0x0000000702b00000, 0x0000000702b00000, 0x0000000702c00000|  0%| F|  |TAMS 0x0000000702b00000, 0x0000000702b00000| Untracked 
|  36|0x0000000702c00000, 0x0000000702c00000, 0x0000000702d00000|  0%| F|  |TAMS 0x0000000702c00000, 0x0000000702c00000| Untracked 
|  37|0x0000000702d00000, 0x0000000702d00000, 0x0000000702e00000|  0%| F|  |TAMS 0x0000000702d00000, 0x0000000702d00000| Untracked 
|  38|0x0000000702e00000, 0x0000000702e00000, 0x0000000702f00000|  0%| F|  |TAMS 0x0000000702e00000, 0x0000000702e00000| Untracked 
|  39|0x0000000702f00000, 0x0000000702f00000, 0x0000000703000000|  0%| F|  |TAMS 0x0000000702f00000, 0x0000000702f00000| Untracked 
|  40|0x0000000703000000, 0x0000000703000000, 0x0000000703100000|  0%| F|  |TAMS 0x0000000703000000, 0x0000000703000000| Untracked 
|  41|0x0000000703100000, 0x0000000703100000, 0x0000000703200000|  0%| F|  |TAMS 0x0000000703100000, 0x0000000703100000| Untracked 
|  42|0x0000000703200000, 0x0000000703200000, 0x0000000703300000|  0%| F|  |TAMS 0x0000000703200000, 0x0000000703200000| Untracked 
|  43|0x0000000703300000, 0x0000000703300000, 0x0000000703400000|  0%| F|  |TAMS 0x0000000703300000, 0x0000000703300000| Untracked 
|  44|0x0000000703400000, 0x0000000703400000, 0x0000000703500000|  0%| F|  |TAMS 0x0000000703400000, 0x0000000703400000| Untracked 
|  45|0x0000000703500000, 0x0000000703500000, 0x0000000703600000|  0%| F|  |TAMS 0x0000000703500000, 0x0000000703500000| Untracked 
|  46|0x0000000703600000, 0x0000000703600000, 0x0000000703700000|  0%| F|  |TAMS 0x0000000703600000, 0x0000000703600000| Untracked 
|  47|0x0000000703700000, 0x0000000703700000, 0x0000000703800000|  0%| F|  |TAMS 0x0000000703700000, 0x0000000703700000| Untracked 
|  48|0x0000000703800000, 0x0000000703800000, 0x0000000703900000|  0%| F|  |TAMS 0x0000000703800000, 0x0000000703800000| Untracked 
|  49|0x0000000703900000, 0x0000000703900000, 0x0000000703a00000|  0%| F|  |TAMS 0x0000000703900000, 0x0000000703900000| Untracked 
|  50|0x0000000703a00000, 0x0000000703a00000, 0x0000000703b00000|  0%| F|  |TAMS 0x0000000703a00000, 0x0000000703a00000| Untracked 
|  51|0x0000000703b00000, 0x0000000703b00000, 0x0000000703c00000|  0%| F|  |TAMS 0x0000000703b00000, 0x0000000703b00000| Untracked 
|  52|0x0000000703c00000, 0x0000000703c00000, 0x0000000703d00000|  0%| F|  |TAMS 0x0000000703c00000, 0x0000000703c00000| Untracked 
|  53|0x0000000703d00000, 0x0000000703d00000, 0x0000000703e00000|  0%| F|  |TAMS 0x0000000703d00000, 0x0000000703d00000| Untracked 
|  54|0x0000000703e00000, 0x0000000703e00000, 0x0000000703f00000|  0%| F|  |TAMS 0x0000000703e00000, 0x0000000703e00000| Untracked 
|  55|0x0000000703f00000, 0x0000000703f00000, 0x0000000704000000|  0%| F|  |TAMS 0x0000000703f00000, 0x0000000703f00000| Untracked 
|  56|0x0000000704000000, 0x0000000704000000, 0x0000000704100000|  0%| F|  |TAMS 0x0000000704000000, 0x0000000704000000| Untracked 
|  57|0x0000000704100000, 0x0000000704100000, 0x0000000704200000|  0%| F|  |TAMS 0x0000000704100000, 0x0000000704100000| Untracked 
|  58|0x0000000704200000, 0x0000000704200000, 0x0000000704300000|  0%| F|  |TAMS 0x0000000704200000, 0x0000000704200000| Untracked 
|  59|0x0000000704300000, 0x0000000704300000, 0x0000000704400000|  0%| F|  |TAMS 0x0000000704300000, 0x0000000704300000| Untracked 
|  60|0x0000000704400000, 0x0000000704400000, 0x0000000704500000|  0%| F|  |TAMS 0x0000000704400000, 0x0000000704400000| Untracked 
|  61|0x0000000704500000, 0x0000000704500000, 0x0000000704600000|  0%| F|  |TAMS 0x0000000704500000, 0x0000000704500000| Untracked 
|  62|0x0000000704600000, 0x0000000704600000, 0x0000000704700000|  0%| F|  |TAMS 0x0000000704600000, 0x0000000704600000| Untracked 
|  63|0x0000000704700000, 0x0000000704700000, 0x0000000704800000|  0%| F|  |TAMS 0x0000000704700000, 0x0000000704700000| Untracked 
|  64|0x0000000704800000, 0x0000000704800000, 0x0000000704900000|  0%| F|  |TAMS 0x0000000704800000, 0x0000000704800000| Untracked 
|  65|0x0000000704900000, 0x0000000704900000, 0x0000000704a00000|  0%| F|  |TAMS 0x0000000704900000, 0x0000000704900000| Untracked 
|  66|0x0000000704a00000, 0x0000000704a00000, 0x0000000704b00000|  0%| F|  |TAMS 0x0000000704a00000, 0x0000000704a00000| Untracked 
|  67|0x0000000704b00000, 0x0000000704b00000, 0x0000000704c00000|  0%| F|  |TAMS 0x0000000704b00000, 0x0000000704b00000| Untracked 
|  68|0x0000000704c00000, 0x0000000704c00000, 0x0000000704d00000|  0%| F|  |TAMS 0x0000000704c00000, 0x0000000704c00000| Untracked 
|  69|0x0000000704d00000, 0x0000000704d00000, 0x0000000704e00000|  0%| F|  |TAMS 0x0000000704d00000, 0x0000000704d00000| Untracked 
|  70|0x0000000704e00000, 0x0000000704e00000, 0x0000000704f00000|  0%| F|  |TAMS 0x0000000704e00000, 0x0000000704e00000| Untracked 
|  71|0x0000000704f00000, 0x0000000704f00000, 0x0000000705000000|  0%| F|  |TAMS 0x0000000704f00000, 0x0000000704f00000| Untracked 
|  72|0x0000000705000000, 0x0000000705000000, 0x0000000705100000|  0%| F|  |TAMS 0x0000000705000000, 0x0000000705000000| Untracked 
|  73|0x0000000705100000, 0x0000000705100000, 0x0000000705200000|  0%| F|  |TAMS 0x0000000705100000, 0x0000000705100000| Untracked 
|  74|0x0000000705200000, 0x0000000705200000, 0x0000000705300000|  0%| F|  |TAMS 0x0000000705200000, 0x0000000705200000| Untracked 
|  75|0x0000000705300000, 0x0000000705300000, 0x0000000705400000|  0%| F|  |TAMS 0x0000000705300000, 0x0000000705300000| Untracked 
|  76|0x0000000705400000, 0x0000000705400000, 0x0000000705500000|  0%| F|  |TAMS 0x0000000705400000, 0x0000000705400000| Untracked 
|  77|0x0000000705500000, 0x0000000705500000, 0x0000000705600000|  0%| F|  |TAMS 0x0000000705500000, 0x0000000705500000| Untracked 
|  78|0x0000000705600000, 0x0000000705600000, 0x0000000705700000|  0%| F|  |TAMS 0x0000000705600000, 0x0000000705600000| Untracked 
|  79|0x0000000705700000, 0x0000000705700000, 0x0000000705800000|  0%| F|  |TAMS 0x0000000705700000, 0x0000000705700000| Untracked 
|  80|0x0000000705800000, 0x0000000705800000, 0x0000000705900000|  0%| F|  |TAMS 0x0000000705800000, 0x0000000705800000| Untracked 
|  81|0x0000000705900000, 0x0000000705900000, 0x0000000705a00000|  0%| F|  |TAMS 0x0000000705900000, 0x0000000705900000| Untracked 
|  82|0x0000000705a00000, 0x0000000705a00000, 0x0000000705b00000|  0%| F|  |TAMS 0x0000000705a00000, 0x0000000705a00000| Untracked 
|  83|0x0000000705b00000, 0x0000000705b00000, 0x0000000705c00000|  0%| F|  |TAMS 0x0000000705b00000, 0x0000000705b00000| Untracked 
|  84|0x0000000705c00000, 0x0000000705c00000, 0x0000000705d00000|  0%| F|  |TAMS 0x0000000705c00000, 0x0000000705c00000| Untracked 
|  85|0x0000000705d00000, 0x0000000705d00000, 0x0000000705e00000|  0%| F|  |TAMS 0x0000000705d00000, 0x0000000705d00000| Untracked 
|  86|0x0000000705e00000, 0x0000000705e00000, 0x0000000705f00000|  0%| F|  |TAMS 0x0000000705e00000, 0x0000000705e00000| Untracked 
|  87|0x0000000705f00000, 0x0000000705f00000, 0x0000000706000000|  0%| F|  |TAMS 0x0000000705f00000, 0x0000000705f00000| Untracked 
|  88|0x0000000706000000, 0x0000000706000000, 0x0000000706100000|  0%| F|  |TAMS 0x0000000706000000, 0x0000000706000000| Untracked 
|  89|0x0000000706100000, 0x0000000706100000, 0x0000000706200000|  0%| F|  |TAMS 0x0000000706100000, 0x0000000706100000| Untracked 
|  90|0x0000000706200000, 0x0000000706200000, 0x0000000706300000|  0%| F|  |TAMS 0x0000000706200000, 0x0000000706200000| Untracked 
|  91|0x0000000706300000, 0x0000000706300000, 0x0000000706400000|  0%| F|  |TAMS 0x0000000706300000, 0x0000000706300000| Untracked 
|  92|0x0000000706400000, 0x0000000706400000, 0x0000000706500000|  0%| F|  |TAMS 0x0000000706400000, 0x0000000706400000| Untracked 
|  93|0x0000000706500000, 0x0000000706500000, 0x0000000706600000|  0%| F|  |TAMS 0x0000000706500000, 0x0000000706500000| Untracked 
|  94|0x0000000706600000, 0x0000000706600000, 0x0000000706700000|  0%| F|  |TAMS 0x0000000706600000, 0x0000000706600000| Untracked 
|  95|0x0000000706700000, 0x0000000706700000, 0x0000000706800000|  0%| F|  |TAMS 0x0000000706700000, 0x0000000706700000| Untracked 
|  96|0x0000000706800000, 0x0000000706800000, 0x0000000706900000|  0%| F|  |TAMS 0x0000000706800000, 0x0000000706800000| Untracked 
|  97|0x0000000706900000, 0x0000000706900000, 0x0000000706a00000|  0%| F|  |TAMS 0x0000000706900000, 0x0000000706900000| Untracked 
|  98|0x0000000706a00000, 0x0000000706a00000, 0x0000000706b00000|  0%| F|  |TAMS 0x0000000706a00000, 0x0000000706a00000| Untracked 
|  99|0x0000000706b00000, 0x0000000706b00000, 0x0000000706c00000|  0%| F|  |TAMS 0x0000000706b00000, 0x0000000706b00000| Untracked 
| 100|0x0000000706c00000, 0x0000000706c00000, 0x0000000706d00000|  0%| F|  |TAMS 0x0000000706c00000, 0x0000000706c00000| Untracked 
| 101|0x0000000706d00000, 0x0000000706d00000, 0x0000000706e00000|  0%| F|  |TAMS 0x0000000706d00000, 0x0000000706d00000| Untracked 
| 102|0x0000000706e00000, 0x0000000706e00000, 0x0000000706f00000|  0%| F|  |TAMS 0x0000000706e00000, 0x0000000706e00000| Untracked 
| 103|0x0000000706f00000, 0x0000000706f00000, 0x0000000707000000|  0%| F|  |TAMS 0x0000000706f00000, 0x0000000706f00000| Untracked 
| 104|0x0000000707000000, 0x0000000707000000, 0x0000000707100000|  0%| F|  |TAMS 0x0000000707000000, 0x0000000707000000| Untracked 
| 105|0x0000000707100000, 0x0000000707100000, 0x0000000707200000|  0%| F|  |TAMS 0x0000000707100000, 0x0000000707100000| Untracked 
| 106|0x0000000707200000, 0x0000000707200000, 0x0000000707300000|  0%| F|  |TAMS 0x0000000707200000, 0x0000000707200000| Untracked 
| 107|0x0000000707300000, 0x0000000707300000, 0x0000000707400000|  0%| F|  |TAMS 0x0000000707300000, 0x0000000707300000| Untracked 
| 108|0x0000000707400000, 0x0000000707400000, 0x0000000707500000|  0%| F|  |TAMS 0x0000000707400000, 0x0000000707400000| Untracked 
| 109|0x0000000707500000, 0x0000000707500000, 0x0000000707600000|  0%| F|  |TAMS 0x0000000707500000, 0x0000000707500000| Untracked 
| 110|0x0000000707600000, 0x0000000707600000, 0x0000000707700000|  0%| F|  |TAMS 0x0000000707600000, 0x0000000707600000| Untracked 
| 111|0x0000000707700000, 0x0000000707700000, 0x0000000707800000|  0%| F|  |TAMS 0x0000000707700000, 0x0000000707700000| Untracked 
| 112|0x0000000707800000, 0x0000000707800000, 0x0000000707900000|  0%| F|  |TAMS 0x0000000707800000, 0x0000000707800000| Untracked 
| 113|0x0000000707900000, 0x0000000707900000, 0x0000000707a00000|  0%| F|  |TAMS 0x0000000707900000, 0x0000000707900000| Untracked 
| 114|0x0000000707a00000, 0x0000000707a00000, 0x0000000707b00000|  0%| F|  |TAMS 0x0000000707a00000, 0x0000000707a00000| Untracked 
| 115|0x0000000707b00000, 0x0000000707b00000, 0x0000000707c00000|  0%| F|  |TAMS 0x0000000707b00000, 0x0000000707b00000| Untracked 
| 116|0x0000000707c00000, 0x0000000707c00000, 0x0000000707d00000|  0%| F|  |TAMS 0x0000000707c00000, 0x0000000707c00000| Untracked 
| 117|0x0000000707d00000, 0x0000000707d00000, 0x0000000707e00000|  0%| F|  |TAMS 0x0000000707d00000, 0x0000000707d00000| Untracked 
| 118|0x0000000707e00000, 0x0000000707e00000, 0x0000000707f00000|  0%| F|  |TAMS 0x0000000707e00000, 0x0000000707e00000| Untracked 
| 119|0x0000000707f00000, 0x0000000707f00000, 0x0000000708000000|  0%| F|  |TAMS 0x0000000707f00000, 0x0000000707f00000| Untracked 
| 120|0x0000000708000000, 0x0000000708000000, 0x0000000708100000|  0%| F|  |TAMS 0x0000000708000000, 0x0000000708000000| Untracked 
| 121|0x0000000708100000, 0x0000000708100000, 0x0000000708200000|  0%| F|  |TAMS 0x0000000708100000, 0x0000000708100000| Untracked 
| 122|0x0000000708200000, 0x0000000708200000, 0x0000000708300000|  0%| F|  |TAMS 0x0000000708200000, 0x0000000708200000| Untracked 
| 123|0x0000000708300000, 0x0000000708300000, 0x0000000708400000|  0%| F|  |TAMS 0x0000000708300000, 0x0000000708300000| Untracked 
| 124|0x0000000708400000, 0x0000000708400000, 0x0000000708500000|  0%| F|  |TAMS 0x0000000708400000, 0x0000000708400000| Untracked 
| 125|0x0000000708500000, 0x0000000708500000, 0x0000000708600000|  0%| F|  |TAMS 0x0000000708500000, 0x0000000708500000| Untracked 
| 126|0x0000000708600000, 0x0000000708600000, 0x0000000708700000|  0%| F|  |TAMS 0x0000000708600000, 0x0000000708600000| Untracked 
| 127|0x0000000708700000, 0x0000000708700000, 0x0000000708800000|  0%| F|  |TAMS 0x0000000708700000, 0x0000000708700000| Untracked 
| 128|0x0000000708800000, 0x0000000708800000, 0x0000000708900000|  0%| F|  |TAMS 0x0000000708800000, 0x0000000708800000| Untracked 
| 129|0x0000000708900000, 0x0000000708900000, 0x0000000708a00000|  0%| F|  |TAMS 0x0000000708900000, 0x0000000708900000| Untracked 
| 130|0x0000000708a00000, 0x0000000708a00000, 0x0000000708b00000|  0%| F|  |TAMS 0x0000000708a00000, 0x0000000708a00000| Untracked 
| 131|0x0000000708b00000, 0x0000000708b00000, 0x0000000708c00000|  0%| F|  |TAMS 0x0000000708b00000, 0x0000000708b00000| Untracked 
| 132|0x0000000708c00000, 0x0000000708c00000, 0x0000000708d00000|  0%| F|  |TAMS 0x0000000708c00000, 0x0000000708c00000| Untracked 
| 133|0x0000000708d00000, 0x0000000708d00000, 0x0000000708e00000|  0%| F|  |TAMS 0x0000000708d00000, 0x0000000708d00000| Untracked 
| 134|0x0000000708e00000, 0x0000000708e00000, 0x0000000708f00000|  0%| F|  |TAMS 0x0000000708e00000, 0x0000000708e00000| Untracked 
| 135|0x0000000708f00000, 0x0000000708f00000, 0x0000000709000000|  0%| F|  |TAMS 0x0000000708f00000, 0x0000000708f00000| Untracked 
| 136|0x0000000709000000, 0x0000000709000000, 0x0000000709100000|  0%| F|  |TAMS 0x0000000709000000, 0x0000000709000000| Untracked 
| 137|0x0000000709100000, 0x0000000709100000, 0x0000000709200000|  0%| F|  |TAMS 0x0000000709100000, 0x0000000709100000| Untracked 
| 138|0x0000000709200000, 0x0000000709200000, 0x0000000709300000|  0%| F|  |TAMS 0x0000000709200000, 0x0000000709200000| Untracked 
| 139|0x0000000709300000, 0x0000000709300000, 0x0000000709400000|  0%| F|  |TAMS 0x0000000709300000, 0x0000000709300000| Untracked 
| 140|0x0000000709400000, 0x0000000709400000, 0x0000000709500000|  0%| F|  |TAMS 0x0000000709400000, 0x0000000709400000| Untracked 
| 141|0x0000000709500000, 0x0000000709500000, 0x0000000709600000|  0%| F|  |TAMS 0x0000000709500000, 0x0000000709500000| Untracked 
| 142|0x0000000709600000, 0x0000000709600000, 0x0000000709700000|  0%| F|  |TAMS 0x0000000709600000, 0x0000000709600000| Untracked 
| 143|0x0000000709700000, 0x0000000709700000, 0x0000000709800000|  0%| F|  |TAMS 0x0000000709700000, 0x0000000709700000| Untracked 
| 144|0x0000000709800000, 0x0000000709800000, 0x0000000709900000|  0%| F|  |TAMS 0x0000000709800000, 0x0000000709800000| Untracked 
| 145|0x0000000709900000, 0x0000000709900000, 0x0000000709a00000|  0%| F|  |TAMS 0x0000000709900000, 0x0000000709900000| Untracked 
| 146|0x0000000709a00000, 0x0000000709a00000, 0x0000000709b00000|  0%| F|  |TAMS 0x0000000709a00000, 0x0000000709a00000| Untracked 
| 147|0x0000000709b00000, 0x0000000709b00000, 0x0000000709c00000|  0%| F|  |TAMS 0x0000000709b00000, 0x0000000709b00000| Untracked 
| 148|0x0000000709c00000, 0x0000000709c00000, 0x0000000709d00000|  0%| F|  |TAMS 0x0000000709c00000, 0x0000000709c00000| Untracked 
| 149|0x0000000709d00000, 0x0000000709d00000, 0x0000000709e00000|  0%| F|  |TAMS 0x0000000709d00000, 0x0000000709d00000| Untracked 
| 150|0x0000000709e00000, 0x0000000709e00000, 0x0000000709f00000|  0%| F|  |TAMS 0x0000000709e00000, 0x0000000709e00000| Untracked 
| 151|0x0000000709f00000, 0x0000000709f00000, 0x000000070a000000|  0%| F|  |TAMS 0x0000000709f00000, 0x0000000709f00000| Untracked 
| 152|0x000000070a000000, 0x000000070a000000, 0x000000070a100000|  0%| F|  |TAMS 0x000000070a000000, 0x000000070a000000| Untracked 
| 153|0x000000070a100000, 0x000000070a100000, 0x000000070a200000|  0%| F|  |TAMS 0x000000070a100000, 0x000000070a100000| Untracked 
| 154|0x000000070a200000, 0x000000070a200000, 0x000000070a300000|  0%| F|  |TAMS 0x000000070a200000, 0x000000070a200000| Untracked 
| 155|0x000000070a300000, 0x000000070a300000, 0x000000070a400000|  0%| F|  |TAMS 0x000000070a300000, 0x000000070a300000| Untracked 
| 156|0x000000070a400000, 0x000000070a400000, 0x000000070a500000|  0%| F|  |TAMS 0x000000070a400000, 0x000000070a400000| Untracked 
| 157|0x000000070a500000, 0x000000070a500000, 0x000000070a600000|  0%| F|  |TAMS 0x000000070a500000, 0x000000070a500000| Untracked 
| 158|0x000000070a600000, 0x000000070a600000, 0x000000070a700000|  0%| F|  |TAMS 0x000000070a600000, 0x000000070a600000| Untracked 
| 159|0x000000070a700000, 0x000000070a700000, 0x000000070a800000|  0%| F|  |TAMS 0x000000070a700000, 0x000000070a700000| Untracked 
| 160|0x000000070a800000, 0x000000070a800000, 0x000000070a900000|  0%| F|  |TAMS 0x000000070a800000, 0x000000070a800000| Untracked 
| 161|0x000000070a900000, 0x000000070a900000, 0x000000070aa00000|  0%| F|  |TAMS 0x000000070a900000, 0x000000070a900000| Untracked 
| 162|0x000000070aa00000, 0x000000070aa00000, 0x000000070ab00000|  0%| F|  |TAMS 0x000000070aa00000, 0x000000070aa00000| Untracked 
| 163|0x000000070ab00000, 0x000000070ab00000, 0x000000070ac00000|  0%| F|  |TAMS 0x000000070ab00000, 0x000000070ab00000| Untracked 
| 164|0x000000070ac00000, 0x000000070ac00000, 0x000000070ad00000|  0%| F|  |TAMS 0x000000070ac00000, 0x000000070ac00000| Untracked 
| 165|0x000000070ad00000, 0x000000070ad00000, 0x000000070ae00000|  0%| F|  |TAMS 0x000000070ad00000, 0x000000070ad00000| Untracked 
| 166|0x000000070ae00000, 0x000000070ae00000, 0x000000070af00000|  0%| F|  |TAMS 0x000000070ae00000, 0x000000070ae00000| Untracked 
| 167|0x000000070af00000, 0x000000070af00000, 0x000000070b000000|  0%| F|  |TAMS 0x000000070af00000, 0x000000070af00000| Untracked 
| 168|0x000000070b000000, 0x000000070b000000, 0x000000070b100000|  0%| F|  |TAMS 0x000000070b000000, 0x000000070b000000| Untracked 
| 169|0x000000070b100000, 0x000000070b100000, 0x000000070b200000|  0%| F|  |TAMS 0x000000070b100000, 0x000000070b100000| Untracked 
| 170|0x000000070b200000, 0x000000070b200000, 0x000000070b300000|  0%| F|  |TAMS 0x000000070b200000, 0x000000070b200000| Untracked 
| 171|0x000000070b300000, 0x000000070b300000, 0x000000070b400000|  0%| F|  |TAMS 0x000000070b300000, 0x000000070b300000| Untracked 
| 172|0x000000070b400000, 0x000000070b400000, 0x000000070b500000|  0%| F|  |TAMS 0x000000070b400000, 0x000000070b400000| Untracked 
| 173|0x000000070b500000, 0x000000070b500000, 0x000000070b600000|  0%| F|  |TAMS 0x000000070b500000, 0x000000070b500000| Untracked 
| 174|0x000000070b600000, 0x000000070b600000, 0x000000070b700000|  0%| F|  |TAMS 0x000000070b600000, 0x000000070b600000| Untracked 
| 175|0x000000070b700000, 0x000000070b700000, 0x000000070b800000|  0%| F|  |TAMS 0x000000070b700000, 0x000000070b700000| Untracked 
| 176|0x000000070b800000, 0x000000070b800000, 0x000000070b900000|  0%| F|  |TAMS 0x000000070b800000, 0x000000070b800000| Untracked 
| 177|0x000000070b900000, 0x000000070b900000, 0x000000070ba00000|  0%| F|  |TAMS 0x000000070b900000, 0x000000070b900000| Untracked 
| 178|0x000000070ba00000, 0x000000070ba00000, 0x000000070bb00000|  0%| F|  |TAMS 0x000000070ba00000, 0x000000070ba00000| Untracked 
| 179|0x000000070bb00000, 0x000000070bb00000, 0x000000070bc00000|  0%| F|  |TAMS 0x000000070bb00000, 0x000000070bb00000| Untracked 
| 180|0x000000070bc00000, 0x000000070bc00000, 0x000000070bd00000|  0%| F|  |TAMS 0x000000070bc00000, 0x000000070bc00000| Untracked 
| 181|0x000000070bd00000, 0x000000070bd00000, 0x000000070be00000|  0%| F|  |TAMS 0x000000070bd00000, 0x000000070bd00000| Untracked 
| 182|0x000000070be00000, 0x000000070be00000, 0x000000070bf00000|  0%| F|  |TAMS 0x000000070be00000, 0x000000070be00000| Untracked 
| 183|0x000000070bf00000, 0x000000070bf00000, 0x000000070c000000|  0%| F|  |TAMS 0x000000070bf00000, 0x000000070bf00000| Untracked 
| 184|0x000000070c000000, 0x000000070c000000, 0x000000070c100000|  0%| F|  |TAMS 0x000000070c000000, 0x000000070c000000| Untracked 
| 185|0x000000070c100000, 0x000000070c100000, 0x000000070c200000|  0%| F|  |TAMS 0x000000070c100000, 0x000000070c100000| Untracked 
| 186|0x000000070c200000, 0x000000070c200000, 0x000000070c300000|  0%| F|  |TAMS 0x000000070c200000, 0x000000070c200000| Untracked 
| 187|0x000000070c300000, 0x000000070c300000, 0x000000070c400000|  0%| F|  |TAMS 0x000000070c300000, 0x000000070c300000| Untracked 
| 188|0x000000070c400000, 0x000000070c400000, 0x000000070c500000|  0%| F|  |TAMS 0x000000070c400000, 0x000000070c400000| Untracked 
| 189|0x000000070c500000, 0x000000070c500000, 0x000000070c600000|  0%| F|  |TAMS 0x000000070c500000, 0x000000070c500000| Untracked 
| 190|0x000000070c600000, 0x000000070c600000, 0x000000070c700000|  0%| F|  |TAMS 0x000000070c600000, 0x000000070c600000| Untracked 
| 191|0x000000070c700000, 0x000000070c700000, 0x000000070c800000|  0%| F|  |TAMS 0x000000070c700000, 0x000000070c700000| Untracked 
| 192|0x000000070c800000, 0x000000070c800000, 0x000000070c900000|  0%| F|  |TAMS 0x000000070c800000, 0x000000070c800000| Untracked 
| 193|0x000000070c900000, 0x000000070c900000, 0x000000070ca00000|  0%| F|  |TAMS 0x000000070c900000, 0x000000070c900000| Untracked 
| 194|0x000000070ca00000, 0x000000070ca00000, 0x000000070cb00000|  0%| F|  |TAMS 0x000000070ca00000, 0x000000070ca00000| Untracked 
| 195|0x000000070cb00000, 0x000000070cb00000, 0x000000070cc00000|  0%| F|  |TAMS 0x000000070cb00000, 0x000000070cb00000| Untracked 
| 196|0x000000070cc00000, 0x000000070cc00000, 0x000000070cd00000|  0%| F|  |TAMS 0x000000070cc00000, 0x000000070cc00000| Untracked 
| 197|0x000000070cd00000, 0x000000070cd00000, 0x000000070ce00000|  0%| F|  |TAMS 0x000000070cd00000, 0x000000070cd00000| Untracked 
| 198|0x000000070ce00000, 0x000000070ce00000, 0x000000070cf00000|  0%| F|  |TAMS 0x000000070ce00000, 0x000000070ce00000| Untracked 
| 199|0x000000070cf00000, 0x000000070cf00000, 0x000000070d000000|  0%| F|  |TAMS 0x000000070cf00000, 0x000000070cf00000| Untracked 
| 200|0x000000070d000000, 0x000000070d000000, 0x000000070d100000|  0%| F|  |TAMS 0x000000070d000000, 0x000000070d000000| Untracked 
| 201|0x000000070d100000, 0x000000070d100000, 0x000000070d200000|  0%| F|  |TAMS 0x000000070d100000, 0x000000070d100000| Untracked 
| 202|0x000000070d200000, 0x000000070d200000, 0x000000070d300000|  0%| F|  |TAMS 0x000000070d200000, 0x000000070d200000| Untracked 
| 203|0x000000070d300000, 0x000000070d300000, 0x000000070d400000|  0%| F|  |TAMS 0x000000070d300000, 0x000000070d300000| Untracked 
| 204|0x000000070d400000, 0x000000070d400000, 0x000000070d500000|  0%| F|  |TAMS 0x000000070d400000, 0x000000070d400000| Untracked 
| 205|0x000000070d500000, 0x000000070d500000, 0x000000070d600000|  0%| F|  |TAMS 0x000000070d500000, 0x000000070d500000| Untracked 
| 206|0x000000070d600000, 0x000000070d600000, 0x000000070d700000|  0%| F|  |TAMS 0x000000070d600000, 0x000000070d600000| Untracked 
| 207|0x000000070d700000, 0x000000070d700000, 0x000000070d800000|  0%| F|  |TAMS 0x000000070d700000, 0x000000070d700000| Untracked 
| 208|0x000000070d800000, 0x000000070d800000, 0x000000070d900000|  0%| F|  |TAMS 0x000000070d800000, 0x000000070d800000| Untracked 
| 209|0x000000070d900000, 0x000000070d900000, 0x000000070da00000|  0%| F|  |TAMS 0x000000070d900000, 0x000000070d900000| Untracked 
| 210|0x000000070da00000, 0x000000070da00000, 0x000000070db00000|  0%| F|  |TAMS 0x000000070da00000, 0x000000070da00000| Untracked 
| 211|0x000000070db00000, 0x000000070db00000, 0x000000070dc00000|  0%| F|  |TAMS 0x000000070db00000, 0x000000070db00000| Untracked 
| 212|0x000000070dc00000, 0x000000070dc00000, 0x000000070dd00000|  0%| F|  |TAMS 0x000000070dc00000, 0x000000070dc00000| Untracked 
| 213|0x000000070dd00000, 0x000000070dd00000, 0x000000070de00000|  0%| F|  |TAMS 0x000000070dd00000, 0x000000070dd00000| Untracked 
| 214|0x000000070de00000, 0x000000070de00000, 0x000000070df00000|  0%| F|  |TAMS 0x000000070de00000, 0x000000070de00000| Untracked 
| 215|0x000000070df00000, 0x000000070df00000, 0x000000070e000000|  0%| F|  |TAMS 0x000000070df00000, 0x000000070df00000| Untracked 
| 216|0x000000070e000000, 0x000000070e000000, 0x000000070e100000|  0%| F|  |TAMS 0x000000070e000000, 0x000000070e000000| Untracked 
| 217|0x000000070e100000, 0x000000070e100000, 0x000000070e200000|  0%| F|  |TAMS 0x000000070e100000, 0x000000070e100000| Untracked 
| 218|0x000000070e200000, 0x000000070e200000, 0x000000070e300000|  0%| F|  |TAMS 0x000000070e200000, 0x000000070e200000| Untracked 
| 219|0x000000070e300000, 0x000000070e300000, 0x000000070e400000|  0%| F|  |TAMS 0x000000070e300000, 0x000000070e300000| Untracked 
| 220|0x000000070e400000, 0x000000070e400000, 0x000000070e500000|  0%| F|  |TAMS 0x000000070e400000, 0x000000070e400000| Untracked 
| 221|0x000000070e500000, 0x000000070e500000, 0x000000070e600000|  0%| F|  |TAMS 0x000000070e500000, 0x000000070e500000| Untracked 
| 222|0x000000070e600000, 0x000000070e600000, 0x000000070e700000|  0%| F|  |TAMS 0x000000070e600000, 0x000000070e600000| Untracked 
| 223|0x000000070e700000, 0x000000070e700000, 0x000000070e800000|  0%| F|  |TAMS 0x000000070e700000, 0x000000070e700000| Untracked 
| 224|0x000000070e800000, 0x000000070e800000, 0x000000070e900000|  0%| F|  |TAMS 0x000000070e800000, 0x000000070e800000| Untracked 
| 225|0x000000070e900000, 0x000000070e900000, 0x000000070ea00000|  0%| F|  |TAMS 0x000000070e900000, 0x000000070e900000| Untracked 
| 226|0x000000070ea00000, 0x000000070ea00000, 0x000000070eb00000|  0%| F|  |TAMS 0x000000070ea00000, 0x000000070ea00000| Untracked 
| 227|0x000000070eb00000, 0x000000070eb00000, 0x000000070ec00000|  0%| F|  |TAMS 0x000000070eb00000, 0x000000070eb00000| Untracked 
| 228|0x000000070ec00000, 0x000000070ec00000, 0x000000070ed00000|  0%| F|  |TAMS 0x000000070ec00000, 0x000000070ec00000| Untracked 
| 229|0x000000070ed00000, 0x000000070ed00000, 0x000000070ee00000|  0%| F|  |TAMS 0x000000070ed00000, 0x000000070ed00000| Untracked 
| 230|0x000000070ee00000, 0x000000070ee00000, 0x000000070ef00000|  0%| F|  |TAMS 0x000000070ee00000, 0x000000070ee00000| Untracked 
| 231|0x000000070ef00000, 0x000000070ef00000, 0x000000070f000000|  0%| F|  |TAMS 0x000000070ef00000, 0x000000070ef00000| Untracked 
| 232|0x000000070f000000, 0x000000070f000000, 0x000000070f100000|  0%| F|  |TAMS 0x000000070f000000, 0x000000070f000000| Untracked 
| 233|0x000000070f100000, 0x000000070f100000, 0x000000070f200000|  0%| F|  |TAMS 0x000000070f100000, 0x000000070f100000| Untracked 
| 234|0x000000070f200000, 0x000000070f200000, 0x000000070f300000|  0%| F|  |TAMS 0x000000070f200000, 0x000000070f200000| Untracked 
| 235|0x000000070f300000, 0x000000070f300000, 0x000000070f400000|  0%| F|  |TAMS 0x000000070f300000, 0x000000070f300000| Untracked 
| 236|0x000000070f400000, 0x000000070f400000, 0x000000070f500000|  0%| F|  |TAMS 0x000000070f400000, 0x000000070f400000| Untracked 
| 237|0x000000070f500000, 0x000000070f500000, 0x000000070f600000|  0%| F|  |TAMS 0x000000070f500000, 0x000000070f500000| Untracked 
| 238|0x000000070f600000, 0x000000070f600000, 0x000000070f700000|  0%| F|  |TAMS 0x000000070f600000, 0x000000070f600000| Untracked 
| 239|0x000000070f700000, 0x000000070f700000, 0x000000070f800000|  0%| F|  |TAMS 0x000000070f700000, 0x000000070f700000| Untracked 
| 240|0x000000070f800000, 0x000000070f800000, 0x000000070f900000|  0%| F|  |TAMS 0x000000070f800000, 0x000000070f800000| Untracked 
| 241|0x000000070f900000, 0x000000070f900000, 0x000000070fa00000|  0%| F|  |TAMS 0x000000070f900000, 0x000000070f900000| Untracked 
| 242|0x000000070fa00000, 0x000000070fa00000, 0x000000070fb00000|  0%| F|  |TAMS 0x000000070fa00000, 0x000000070fa00000| Untracked 
| 243|0x000000070fb00000, 0x000000070fb00000, 0x000000070fc00000|  0%| F|  |TAMS 0x000000070fb00000, 0x000000070fb00000| Untracked 
| 244|0x000000070fc00000, 0x000000070fc00000, 0x000000070fd00000|  0%| F|  |TAMS 0x000000070fc00000, 0x000000070fc00000| Untracked 
| 245|0x000000070fd00000, 0x000000070fd00000, 0x000000070fe00000|  0%| F|  |TAMS 0x000000070fd00000, 0x000000070fd00000| Untracked 
| 246|0x000000070fe00000, 0x000000070fe00000, 0x000000070ff00000|  0%| F|  |TAMS 0x000000070fe00000, 0x000000070fe00000| Untracked 
| 247|0x000000070ff00000, 0x000000070ff00000, 0x0000000710000000|  0%| F|  |TAMS 0x000000070ff00000, 0x000000070ff00000| Untracked 
| 248|0x0000000710000000, 0x0000000710000000, 0x0000000710100000|  0%| F|  |TAMS 0x0000000710000000, 0x0000000710000000| Untracked 
| 249|0x0000000710100000, 0x0000000710100000, 0x0000000710200000|  0%| F|  |TAMS 0x0000000710100000, 0x0000000710100000| Untracked 
| 250|0x0000000710200000, 0x00000007102f6458, 0x0000000710300000| 96%| E|  |TAMS 0x0000000710200000, 0x0000000710200000| Complete 
| 251|0x0000000710300000, 0x0000000710400000, 0x0000000710400000|100%| E|CS|TAMS 0x0000000710300000, 0x0000000710300000| Complete 
| 252|0x0000000710400000, 0x0000000710500000, 0x0000000710500000|100%| E|CS|TAMS 0x0000000710400000, 0x0000000710400000| Complete 
| 253|0x0000000710500000, 0x0000000710600000, 0x0000000710600000|100%| E|  |TAMS 0x0000000710500000, 0x0000000710500000| Complete 
| 254|0x0000000710600000, 0x0000000710700000, 0x0000000710700000|100%| E|CS|TAMS 0x0000000710600000, 0x0000000710600000| Complete 
| 255|0x0000000710700000, 0x0000000710800000, 0x0000000710800000|100%| E|CS|TAMS 0x0000000710700000, 0x0000000710700000| Complete 

Card table byte_map: [0x000001bddc4d0000,0x000001bddccd0000] _byte_map_base: 0x000001bdd8ccc000

Marking Bits (Prev, Next): (CMBitMap*) 0x000001bdc41739c8, (CMBitMap*) 0x000001bdc4173a00
 Prev Bits: [0x000001bddd4d0000, 0x000001bde14b0000)
 Next Bits: [0x000001bde14b0000, 0x000001bde5490000)

Polling page: 0x000001bdc38f0000

Metaspace:

Usage:
  Non-class:      6.75 MB capacity,     6.70 MB (>99%) used,    43.05 KB ( <1%) free+waste,     6.00 KB ( <1%) overhead. 
      Class:    750.00 KB capacity,   687.02 KB ( 92%) used,    59.92 KB (  8%) free+waste,     3.06 KB ( <1%) overhead. 
       Both:      7.48 MB capacity,     7.37 MB ( 99%) used,   102.98 KB (  1%) free+waste,     9.06 KB ( <1%) overhead. 

Virtual space:
  Non-class space:        8.00 MB reserved,       6.75 MB ( 84%) committed 
      Class space:        1.00 GB reserved,     768.00 KB ( <1%) committed 
             Both:        1.01 GB reserved,       7.50 MB ( <1%) committed 

Chunk freelists:
   Non-Class:  0 bytes
       Class:  18.00 KB
        Both:  18.00 KB

MaxMetaspaceSize: 17179869184.00 GB
CompressedClassSpaceSize: 1.00 GB

CodeHeap 'non-profiled nmethods': size=120000Kb used=131Kb max_used=131Kb free=119868Kb
 bounds [0x000001bdd4250000, 0x000001bdd44c0000, 0x000001bddb780000]
CodeHeap 'profiled nmethods': size=120000Kb used=547Kb max_used=547Kb free=119452Kb
 bounds [0x000001bdccd20000, 0x000001bdccf90000, 0x000001bdd4250000]
CodeHeap 'non-nmethods': size=5760Kb used=1063Kb max_used=1076Kb free=4696Kb
 bounds [0x000001bdcc780000, 0x000001bdcc9f0000, 0x000001bdccd20000]
 total_blobs=769 nmethods=416 adapters=265
 compilation: enabled
              stopped_count=0, restarted_count=0
 full_count=0

Compilation events (20 events):
Event: 0.215 Thread 0x000001bde8b54000  407       3       java.nio.Buffer::position (55 bytes)
Event: 0.215 Thread 0x000001bde8b54000 nmethod 407 0x000001bdccda7b10 code [0x000001bdccda7ce0, 0x000001bdccda7f48]
Event: 0.216 Thread 0x000001bde8b54000  408       3       java.lang.Character::toUpperCase (6 bytes)
Event: 0.216 Thread 0x000001bde8b54000 nmethod 408 0x000001bdccda8010 code [0x000001bdccda81e0, 0x000001bdccda8438]
Event: 0.216 Thread 0x000001bde8b54000  409       3       java.lang.Character::toUpperCase (9 bytes)
Event: 0.216 Thread 0x000001bde8b54000 nmethod 409 0x000001bdccda8510 code [0x000001bdccda86e0, 0x000001bdccda88b8]
Event: 0.216 Thread 0x000001bde8b54000  410       3       java.lang.CharacterDataLatin1::toUpperCase (53 bytes)
Event: 0.216 Thread 0x000001bde8b54000 nmethod 410 0x000001bdccda8990 code [0x000001bdccda8b60, 0x000001bdccda8dd8]
Event: 0.216 Thread 0x000001bde8b54000  411       1       java.net.URL::getPort (5 bytes)
Event: 0.216 Thread 0x000001bde8d1f800  415       4       java.lang.String::length (11 bytes)
Event: 0.216 Thread 0x000001bde8b54000 nmethod 411 0x000001bdd426fd90 code [0x000001bdd426ff40, 0x000001bdd426fff8]
Event: 0.216 Thread 0x000001bde8b54000  412       1       java.net.URL::getAuthority (5 bytes)
Event: 0.216 Thread 0x000001bde8b54000 nmethod 412 0x000001bdd4270090 code [0x000001bdd4270240, 0x000001bdd42702f8]
Event: 0.216 Thread 0x000001bde8b54000  413       1       java.net.URL::getPath (5 bytes)
Event: 0.216 Thread 0x000001bde8b54000 nmethod 413 0x000001bdd4270390 code [0x000001bdd4270540, 0x000001bdd42705f8]
Event: 0.216 Thread 0x000001bde8b54000  414       1       java.net.URL::getQuery (5 bytes)
Event: 0.216 Thread 0x000001bde8b54000 nmethod 414 0x000001bdd4270690 code [0x000001bdd4270840, 0x000001bdd42708f8]
Event: 0.216 Thread 0x000001bde8b54000  416       1       java.security.ProtectionDomain::getCodeSource (5 bytes)
Event: 0.216 Thread 0x000001bde8b54000 nmethod 416 0x000001bdd4270990 code [0x000001bdd4270b40, 0x000001bdd4270bf8]
Event: 0.216 Thread 0x000001bde8d1f800 nmethod 415 0x000001bdd4270c90 code [0x000001bdd4270e20, 0x000001bdd4270e98]

GC Heap History (0 events):
No events

Deoptimization events (20 events):
Event: 0.165 Thread 0x000001bdc4111800 Uncommon trap: trap_request=0xffffff4d fr.pc=0x000001bdd42513b4 relative=0x0000000000000074
Event: 0.165 Thread 0x000001bdc4111800 Uncommon trap: reason=unstable_if action=reinterpret pc=0x000001bdd42513b4 method=java.lang.String.isLatin1()Z @ 10 c2
Event: 0.165 Thread 0x000001bdc4111800 DEOPT PACKING pc=0x000001bdd42513b4 sp=0x0000006bb54feea0
Event: 0.165 Thread 0x000001bdc4111800 DEOPT UNPACKING pc=0x000001bdcc7a772f sp=0x0000006bb54fede0 mode 2
Event: 0.181 Thread 0x000001bdc4111800 Uncommon trap: trap_request=0xffffffc6 fr.pc=0x000001bdd4258314 relative=0x0000000000000074
Event: 0.181 Thread 0x000001bdc4111800 Uncommon trap: reason=bimorphic_or_optimized_type_check action=maybe_recompile pc=0x000001bdd4258314 method=java.util.AbstractCollection.isEmpty()Z @ 1 c2
Event: 0.181 Thread 0x000001bdc4111800 DEOPT PACKING pc=0x000001bdd4258314 sp=0x0000006bb54fb750
Event: 0.181 Thread 0x000001bdc4111800 DEOPT UNPACKING pc=0x000001bdcc7a772f sp=0x0000006bb54fb6e0 mode 2
Event: 0.181 Thread 0x000001bdc4111800 Uncommon trap: trap_request=0xffffffc6 fr.pc=0x000001bdd4258314 relative=0x0000000000000074
Event: 0.181 Thread 0x000001bdc4111800 Uncommon trap: reason=bimorphic_or_optimized_type_check action=maybe_recompile pc=0x000001bdd4258314 method=java.util.AbstractCollection.isEmpty()Z @ 1 c2
Event: 0.181 Thread 0x000001bdc4111800 DEOPT PACKING pc=0x000001bdd4258314 sp=0x0000006bb54fb920
Event: 0.181 Thread 0x000001bdc4111800 DEOPT UNPACKING pc=0x000001bdcc7a772f sp=0x0000006bb54fb8b0 mode 2
Event: 0.182 Thread 0x000001bdc4111800 Uncommon trap: trap_request=0xffffffc6 fr.pc=0x000001bdd4258314 relative=0x0000000000000074
Event: 0.182 Thread 0x000001bdc4111800 Uncommon trap: reason=bimorphic_or_optimized_type_check action=maybe_recompile pc=0x000001bdd4258314 method=java.util.AbstractCollection.isEmpty()Z @ 1 c2
Event: 0.182 Thread 0x000001bdc4111800 DEOPT PACKING pc=0x000001bdd4258314 sp=0x0000006bb54fb930
Event: 0.182 Thread 0x000001bdc4111800 DEOPT UNPACKING pc=0x000001bdcc7a772f sp=0x0000006bb54fb8c0 mode 2
Event: 0.182 Thread 0x000001bdc4111800 Uncommon trap: trap_request=0xffffffc6 fr.pc=0x000001bdd4258314 relative=0x0000000000000074
Event: 0.182 Thread 0x000001bdc4111800 Uncommon trap: reason=bimorphic_or_optimized_type_check action=maybe_recompile pc=0x000001bdd4258314 method=java.util.AbstractCollection.isEmpty()Z @ 1 c2
Event: 0.182 Thread 0x000001bdc4111800 DEOPT PACKING pc=0x000001bdd4258314 sp=0x0000006bb54fb750
Event: 0.182 Thread 0x000001bdc4111800 DEOPT UNPACKING pc=0x000001bdcc7a772f sp=0x0000006bb54fb6e0 mode 2

Classes redefined (0 events):
No events

Internal exceptions (0 events):
No events

Events (20 events):
Event: 0.214 loading class org/jpl7/fli/PointerHolder
Event: 0.214 loading class org/jpl7/fli/PointerHolder done
Event: 0.215 loading class org/jpl7/fli/qid_t
Event: 0.215 loading class org/jpl7/fli/qid_t done
Event: 0.215 loading class org/jpl7/fli/module_t
Event: 0.215 loading class org/jpl7/fli/module_t done
Event: 0.215 loading class org/jpl7/fli/engine_t
Event: 0.215 loading class org/jpl7/fli/engine_t done
Event: 0.215 loading class org/jpl7/fli/IntHolder
Event: 0.215 loading class org/jpl7/fli/IntHolder done
Event: 0.215 loading class org/jpl7/fli/Int64Holder
Event: 0.215 loading class org/jpl7/fli/Int64Holder done
Event: 0.216 loading class org/jpl7/fli/DoubleHolder
Event: 0.216 loading class org/jpl7/fli/DoubleHolder done
Event: 0.216 loading class org/jpl7/fli/StringHolder
Event: 0.216 loading class org/jpl7/fli/StringHolder done
Event: 0.216 loading class org/jpl7/fli/ObjectHolder
Event: 0.216 loading class org/jpl7/fli/ObjectHolder done
Event: 0.216 loading class org/jpl7/fli/BooleanHolder
Event: 0.216 loading class org/jpl7/fli/BooleanHolder done


Dynamic libraries:
0x00007ff6aa2c0000 - 0x00007ff6aa2cd000 	C:\Users\joaog\AppData\Local\Programs\AdoptOpenJDK\jdk-11.0.8.10-hotspot\bin\java.exe
0x00007ffb073d0000 - 0x00007ffb075c5000 	C:\WINDOWS\SYSTEM32\ntdll.dll
0x00007ffb069e0000 - 0x00007ffb06a9d000 	C:\WINDOWS\System32\KERNEL32.DLL
0x00007ffb04de0000 - 0x00007ffb050a8000 	C:\WINDOWS\System32\KERNELBASE.dll
0x00007ffb05300000 - 0x00007ffb05400000 	C:\WINDOWS\System32\ucrtbase.dll
0x00007ffb007d0000 - 0x00007ffb007e7000 	C:\Users\joaog\AppData\Local\Programs\AdoptOpenJDK\jdk-11.0.8.10-hotspot\bin\jli.dll
0x00007ffaf5890000 - 0x00007ffaf58a5000 	C:\Users\joaog\AppData\Local\Programs\AdoptOpenJDK\jdk-11.0.8.10-hotspot\bin\VCRUNTIME140.dll
0x00007ffb05d40000 - 0x00007ffb05ee0000 	C:\WINDOWS\System32\USER32.dll
0x00007ffb052d0000 - 0x00007ffb052f2000 	C:\WINDOWS\System32\win32u.dll
0x00007ffaee360000 - 0x00007ffaee5fa000 	C:\WINDOWS\WinSxS\amd64_microsoft.windows.common-controls_6595b64144ccf1df_6.0.19041.844_none_ca00b6081b84eb1d\COMCTL32.dll
0x00007ffb07330000 - 0x00007ffb0735a000 	C:\WINDOWS\System32\GDI32.dll
0x00007ffb06aa0000 - 0x00007ffb06b3e000 	C:\WINDOWS\System32\msvcrt.dll
0x00007ffb051c0000 - 0x00007ffb052cb000 	C:\WINDOWS\System32\gdi32full.dll
0x00007ffb04d40000 - 0x00007ffb04ddd000 	C:\WINDOWS\System32\msvcp_win.dll
0x00007ffb06bb0000 - 0x00007ffb06be0000 	C:\WINDOWS\System32\IMM32.DLL
0x00007ffad88a0000 - 0x00007ffad893b000 	C:\Users\joaog\AppData\Local\Programs\AdoptOpenJDK\jdk-11.0.8.10-hotspot\bin\msvcp140.dll
0x00007ffab1e40000 - 0x00007ffab28fd000 	C:\Users\joaog\AppData\Local\Programs\AdoptOpenJDK\jdk-11.0.8.10-hotspot\bin\server\jvm.dll
0x00007ffb05bb0000 - 0x00007ffb05c5c000 	C:\WINDOWS\System32\ADVAPI32.dll
0x00007ffb05ee0000 - 0x00007ffb05f7b000 	C:\WINDOWS\System32\sechost.dll
0x00007ffb05a80000 - 0x00007ffb05bab000 	C:\WINDOWS\System32\RPCRT4.dll
0x00007ffb069d0000 - 0x00007ffb069d8000 	C:\WINDOWS\System32\PSAPI.DLL
0x00007ffb023e0000 - 0x00007ffb023e9000 	C:\WINDOWS\SYSTEM32\WSOCK32.dll
0x00007ffaf5830000 - 0x00007ffaf5857000 	C:\WINDOWS\SYSTEM32\WINMM.dll
0x00007ffafe510000 - 0x00007ffafe51a000 	C:\WINDOWS\SYSTEM32\VERSION.dll
0x00007ffb06b40000 - 0x00007ffb06bab000 	C:\WINDOWS\System32\WS2_32.dll
0x00007ffb02a40000 - 0x00007ffb02a52000 	C:\WINDOWS\SYSTEM32\kernel.appcore.dll
0x00007ffaf56b0000 - 0x00007ffaf56c0000 	C:\Users\joaog\AppData\Local\Programs\AdoptOpenJDK\jdk-11.0.8.10-hotspot\bin\verify.dll
0x00007ffaf08e0000 - 0x00007ffaf0ac4000 	C:\WINDOWS\SYSTEM32\DBGHELP.DLL
0x00007ffaf0660000 - 0x00007ffaf068c000 	C:\WINDOWS\SYSTEM32\dbgcore.DLL
0x00007ffb04b60000 - 0x00007ffb04be0000 	C:\WINDOWS\System32\bcryptPrimitives.dll
0x00007ffae5770000 - 0x00007ffae5798000 	C:\Users\joaog\AppData\Local\Programs\AdoptOpenJDK\jdk-11.0.8.10-hotspot\bin\java.dll
0x00007ffaf56a0000 - 0x00007ffaf56aa000 	C:\Users\joaog\AppData\Local\Programs\AdoptOpenJDK\jdk-11.0.8.10-hotspot\bin\jimage.dll
0x00007ffaf3500000 - 0x00007ffaf350e000 	C:\Users\joaog\AppData\Local\Programs\AdoptOpenJDK\jdk-11.0.8.10-hotspot\bin\instrument.dll
0x00007ffaf5620000 - 0x00007ffaf5637000 	C:\Users\joaog\AppData\Local\Programs\AdoptOpenJDK\jdk-11.0.8.10-hotspot\bin\zip.dll
0x00007ffb06be0000 - 0x00007ffb07322000 	C:\WINDOWS\System32\SHELL32.dll
0x00007ffb02c40000 - 0x00007ffb033d1000 	C:\WINDOWS\SYSTEM32\windows.storage.dll
0x00007ffb05720000 - 0x00007ffb05a75000 	C:\WINDOWS\System32\combase.dll
0x00007ffb04550000 - 0x00007ffb0457c000 	C:\WINDOWS\SYSTEM32\Wldp.dll
0x00007ffb06140000 - 0x00007ffb061ee000 	C:\WINDOWS\System32\SHCORE.dll
0x00007ffb05400000 - 0x00007ffb05455000 	C:\WINDOWS\System32\shlwapi.dll
0x00007ffb04a20000 - 0x00007ffb04a3f000 	C:\WINDOWS\SYSTEM32\profapi.dll
0x00007ffae5130000 - 0x00007ffae5149000 	C:\Users\joaog\AppData\Local\Programs\AdoptOpenJDK\jdk-11.0.8.10-hotspot\bin\net.dll
0x00007ffaff960000 - 0x00007ffaffa6b000 	C:\WINDOWS\SYSTEM32\WINHTTP.dll
0x00007ffb042c0000 - 0x00007ffb0432a000 	C:\WINDOWS\system32\mswsock.dll
0x00007ffae1b30000 - 0x00007ffae1b42000 	C:\Users\joaog\AppData\Local\Programs\AdoptOpenJDK\jdk-11.0.8.10-hotspot\bin\nio.dll
0x00007ffae1b10000 - 0x00007ffae1b2a000 	D:\IntelliJ\IntelliJ IDEA Community Edition 2020.2.3\bin\breakgen64.dll
0x0000000050090000 - 0x0000000050135000 	C:\Program Files\swipl\bin\jpl.dll
0x0000000077900000 - 0x0000000077994000 	C:\Program Files\swipl\bin\libwinpthread-1.dll
0x0000000076a00000 - 0x0000000077461000 	C:\Program Files\swipl\bin\libswipl.dll
0x00007ffb06000000 - 0x00007ffb0601d000 	C:\WINDOWS\System32\imagehlp.dll
0x0000000069e80000 - 0x0000000069f55000 	C:\Program Files\swipl\bin\libdwarf.dll
0x0000000077840000 - 0x00000000778fc000 	C:\Program Files\swipl\bin\libgmp-10.dll
0x0000000050150000 - 0x0000000050177000 	C:\Program Files\swipl\bin\zlib1.dll
0x0000000061440000 - 0x00000000614be000 	C:\Program Files\swipl\bin\libgcc_s_seh-1.dll

dbghelp: loaded successfully - version: 4.0.5 - missing functions: none
symbol engine: initialized successfully - sym options: 0x614 - pdb path: .;C:\Users\joaog\AppData\Local\Programs\AdoptOpenJDK\jdk-11.0.8.10-hotspot\bin;C:\WINDOWS\SYSTEM32;C:\WINDOWS\WinSxS\amd64_microsoft.windows.common-controls_6595b64144ccf1df_6.0.19041.844_none_ca00b6081b84eb1d;C:\Users\joaog\AppData\Local\Programs\AdoptOpenJDK\jdk-11.0.8.10-hotspot\bin\server;D:\IntelliJ\IntelliJ IDEA Community Edition 2020.2.3\bin;C:\Program Files\swipl\bin

VM Arguments:
jvm_args: -javaagent:D:\IntelliJ\IntelliJ IDEA Community Edition 2020.2.3\lib\idea_rt.jar=53941:D:\IntelliJ\IntelliJ IDEA Community Edition 2020.2.3\bin -Dfile.encoding=UTF-8 
java_command: com.sbc.rest.service.Application
java_class_path (initial): C:\Users\joaog\Desktop\rest.service\target\classes;C:\Users\joaog\.m2\repository\org\springframework\boot\spring-boot-starter-web\2.4.5\spring-boot-starter-web-2.4.5.jar;C:\Users\joaog\.m2\repository\org\springframework\boot\spring-boot-starter\2.4.5\spring-boot-starter-2.4.5.jar;C:\Users\joaog\.m2\repository\org\springframework\boot\spring-boot\2.4.5\spring-boot-2.4.5.jar;C:\Users\joaog\.m2\repository\org\springframework\boot\spring-boot-autoconfigure\2.4.5\spring-boot-autoconfigure-2.4.5.jar;C:\Users\joaog\.m2\repository\org\springframework\boot\spring-boot-starter-logging\2.4.5\spring-boot-starter-logging-2.4.5.jar;C:\Users\joaog\.m2\repository\ch\qos\logback\logback-classic\1.2.3\logback-classic-1.2.3.jar;C:\Users\joaog\.m2\repository\ch\qos\logback\logback-core\1.2.3\logback-core-1.2.3.jar;C:\Users\joaog\.m2\repository\org\apache\logging\log4j\log4j-to-slf4j\2.13.3\log4j-to-slf4j-2.13.3.jar;C:\Users\joaog\.m2\repository\org\apache\logging\log4j\log4j-api\2.13.3\log4j-api-2.13.3.jar;C:\Users\joaog\.m2\repository\org\slf4j\jul-to-slf4j\1.7.30\jul-to-slf4j-1.7.30.jar;C:\Users\joaog\.m2\repository\jakarta\annotation\jakarta.annotation-api\1.3.5\jakarta.annotation-api-1.3.5.jar;C:\Users\joaog\.m2\repository\org\yaml\snakeyaml\1.27\snakeyaml-1.27.jar;C:\Users\joaog\.m2\repository\org\springframework\boot\spring-boot-starter-json\2.4.5\spring-boot-starter-json-2.4.5.jar;C:\Users\joaog\.m2\repository\com\fasterxml\jackson\core\jackson-databind\2.11.4\jackson-databind-2.11.4.jar;C:\Users\joaog\.m2\repository\com\fasterxml\jackson\core\jackson-annotations\2.11.4\jackson-annotations-2.11.4.jar;C:\Users\joaog\.m2\repository\com\fasterxml\jackson\core\jackson-core\2.11.4\jackson-core-2.11.4.jar;C:\Users\joaog\.m2\repository\com\fasterxml\jackson\datatype\jackson-datatype-jdk8\2.11.4\jackson-datatype-jdk8-2.11.4.jar;C:\Users\joaog\.m2\repository\com\fasterxml\jackson\datatype\jackson-datatype-jsr310\2.11.4\jackson-datatype-jsr310-2.11.4.jar;C:\Us
Launcher Type: SUN_STANDARD

[Global flags]
     intx CICompilerCount                          = 4                                         {product} {ergonomic}
     uint ConcGCThreads                            = 3                                         {product} {ergonomic}
     uint G1ConcRefinementThreads                  = 10                                        {product} {ergonomic}
   size_t G1HeapRegionSize                         = 1048576                                   {product} {ergonomic}
    uintx GCDrainStackTargetSize                   = 64                                        {product} {ergonomic}
   size_t InitialHeapSize                          = 268435456                                 {product} {ergonomic}
   size_t MarkStackSize                            = 4194304                                   {product} {ergonomic}
   size_t MaxHeapSize                              = 4286578688                                {product} {ergonomic}
   size_t MaxNewSize                               = 2571108352                                {product} {ergonomic}
   size_t MinHeapDeltaBytes                        = 1048576                                   {product} {ergonomic}
    uintx NonNMethodCodeHeapSize                   = 5836300                                {pd product} {ergonomic}
    uintx NonProfiledCodeHeapSize                  = 122910970                              {pd product} {ergonomic}
    uintx ProfiledCodeHeapSize                     = 122910970                              {pd product} {ergonomic}
    uintx ReservedCodeCacheSize                    = 251658240                              {pd product} {ergonomic}
     bool SegmentedCodeCache                       = true                                      {product} {ergonomic}
     bool UseCompressedClassPointers               = true                                 {lp64_product} {ergonomic}
     bool UseCompressedOops                        = true                                 {lp64_product} {ergonomic}
     bool UseG1GC                                  = true                                      {product} {ergonomic}
     bool UseLargePagesIndividualAllocation        = false                                  {pd product} {ergonomic}

Logging:
Log output configuration:
 #0: stdout all=warning uptime,level,tags
 #1: stderr all=off uptime,level,tags

Environment Variables:
JAVA_HOME=C:\Users\joaog\AppData\Local\Programs\AdoptOpenJDK\jdk-11.0.8.10-hotspot\
PATH=C:\Program Files (x86)\Common Files\Oracle\Java\javapath;C:\Program Files (x86)\Razer Chroma SDK\bin;C:\Program Files\Razer Chroma SDK\bin;C:\Program Files (x86)\Razer\ChromaBroadcast\bin;C:\Program Files\Razer\ChromaBroadcast\bin;c:\windows\system32;c:\windows;c:\windows\system32\wbem;c:\windows\system32\windowspowershell\v1.0\;c:\windows\system32\openssh\;C:\Program Files (x86)\NVIDIA Corporation\PhysX\Common;C:\Program Files\NVIDIA Corporation\NVIDIA NvDLISR;C:\Windows\system32\config\systemprofile\AppData\Local\Microsoft\WindowsApps;C:\WINDOWS\system32;C:\WINDOWS;C:\WINDOWS\System32\Wbem;C:\WINDOWS\System32\WindowsPowerShell\v1.0\;C:\WINDOWS\System32\OpenSSH\;C:\ProgramData\chocolatey\bin;D:\node\;C:\Program Files\apache-maven-3.6.3\bin;C:\Program Files\MySQL\MySQL Utilities 1.6\;C:\Program Files\Java\jdk1.8.0_261\bin;C:\Program Files\dotnet\;C:\Program Files\Microsoft SQL Server\130\Tools\Binn\;C:\Program Files\Microsoft SQL Server\Client SDK\ODBC\170\Tools\Binn\;D:\OpenCv\opencv\build\x64\vc15\bin;C:\Program Files (x86)\dotnet\;D:\git\Git\cmd;D:\SAP CLI\Cloud Foundry;C:\Program Files (x86)\Windows Kits\10\Windows Performance Toolkit\;C:\Program Files\swipl\bin;C:\Users\joaog\.windows-build-tools\python27\;C:\Users\joaog\.windows-build-tools\python27\;C:\Users\joaog\.windows-build-tools\python27\;C:\Users\joaog\.windows-build-tools\python27\;C:\Users\joaog\.windows-build-tools\python27\;C:\Users\joaog\AppData\Local\Programs\AdoptOpenJDK\jdk-11.0.8.10-hotspot\bin;C:\Users\joaog\AppData\Local\Programs\Python\Python38-32\Scripts\;C:\Users\joaog\AppData\Local\Programs\Python\Python38-32\;C:\Users\joaog\AppData\Local\Microsoft\WindowsApps;D:\Microsoft VS Code\bin;C:\Users\joaog\AppData\Roaming\npm;C:\Program Files\heroku\bin;C:\Users\joaog\.dotnet\tools;D:\Flutter\flutter\bin;C:\Users\joaog\AppData\Local\Microsoft\WindowsApps;D:\Cmake\bin;D:\OpenCv\opencv\build\x64\vc15\bin;
USERNAME=joaog
OS=Windows_NT
PROCESSOR_IDENTIFIER=Intel64 Family 6 Model 158 Stepping 10, GenuineIntel



---------------  S Y S T E M  ---------------

OS: Windows 10 , 64 bit Build 19041 (10.0.19041.928)
OS uptime: 1 days 7:49 hours

CPU:total 12 (initial active 12) (6 cores per cpu, 2 threads per core) family 6 model 158 stepping 10, cmov, cx8, fxsr, mmx, sse, sse2, sse3, ssse3, sse4.1, sse4.2, popcnt, avx, avx2, aes, clmul, erms, rtm, 3dnowpref, lzcnt, ht, tsc, tscinvbit, bmi1, bmi2, adx, fma

Memory: 4k page, system-wide physical 16344M (7156M free)
TotalPageFile size 18776M (AvailPageFile size 4254M)
current process WorkingSet (physical memory assigned to process): 53M, peak: 53M
current process commit charge ("private bytes"): 351M, peak: 351M

vm_info: OpenJDK 64-Bit Server VM (11.0.8+10) for windows-amd64 JRE (11.0.8+10), built on Jul 15 2020 11:45:54 by "" with MS VC++ 15.9 (VS2017)

END.
