#
# A fatal error has been detected by the Java Runtime Environment:
#
#  EXCEPTION_ACCESS_VIOLATION (0xc0000005) at pc=0x0000000076a14669, pid=15244, tid=24864
#
# JRE version: OpenJDK Runtime Environment AdoptOpenJDK (11.0.8+10) (build 11.0.8+10)
# Java VM: OpenJDK 64-Bit Server VM AdoptOpenJDK (11.0.8+10, mixed mode, tiered, compressed oops, g1 gc, windows-amd64)
# Problematic frame:
# C  [libswipl.dll+0x14669]
#
# No core dump will be written. Minidumps are not enabled by default on client versions of Windows
#
# If you would like to submit a bug report, please visit:
#   https://github.com/AdoptOpenJDK/openjdk-support/issues
# The crash happened outside the Java Virtual Machine in native code.
# See problematic frame for where to report the bug.
#

---------------  S U M M A R Y ------------

Command Line: -javaagent:D:\IntelliJ\IntelliJ IDEA Community Edition 2020.2.3\lib\idea_rt.jar=53968:D:\IntelliJ\IntelliJ IDEA Community Edition 2020.2.3\bin -Dfile.encoding=UTF-8 com.sbc.rest.service.Application

Host: Intel(R) Core(TM) i7-8700K CPU @ 3.70GHz, 12 cores, 15G,  Windows 10 , 64 bit Build 19041 (10.0.19041.928)
Time: Mon Apr 19 00:00:55 2021 GMT Daylight Time elapsed time: 1 seconds (0d 0h 0m 1s)

---------------  T H R E A D  ---------------

Current thread (0x000001e8aa623800):  JavaThread "main" [_thread_in_native, id=24864, stack(0x0000003ba9400000,0x0000003ba9500000)]

Stack: [0x0000003ba9400000,0x0000003ba9500000],  sp=0x0000003ba94fdb20,  free space=1014k
Native frames: (J=compiled Java code, j=interpreted, Vv=VM code, C=native code)
C  [libswipl.dll+0x14669]

Java frames: (J=compiled Java code, j=interpreted, Vv=VM code)
j  org.jpl7.fli.Prolog.open_query(Lorg/jpl7/fli/module_t;ILorg/jpl7/fli/predicate_t;Lorg/jpl7/fli/term_t;)Lorg/jpl7/fli/qid_t;+0
j  org.jpl7.Query.open()V+237
j  org.jpl7.Util.textToTerm(Ljava/lang/String;)Lorg/jpl7/Term;+57
j  org.jpl7.Query.<init>(Ljava/lang/String;)V+2
j  com.sbc.rest.service.Application.<init>()V+11
j  com.sbc.rest.service.Application$$EnhancerBySpringCGLIB$$d3e9ac84.<init>()V+2
v  ~StubRoutines::call_stub
J 1977  jdk.internal.reflect.NativeConstructorAccessorImpl.newInstance0(Ljava/lang/reflect/Constructor;[Ljava/lang/Object;)Ljava/lang/Object; java.base@11.0.8 (0 bytes) @ 0x000001e8ba81e4b6 [0x000001e8ba81e440+0x0000000000000076]
J 1649 c1 jdk.internal.reflect.NativeConstructorAccessorImpl.newInstance([Ljava/lang/Object;)Ljava/lang/Object; java.base@11.0.8 (89 bytes) @ 0x000001e8b352e6e4 [0x000001e8b352dac0+0x0000000000000c24]
J 1826 c1 jdk.internal.reflect.DelegatingConstructorAccessorImpl.newInstance([Ljava/lang/Object;)Ljava/lang/Object; java.base@11.0.8 (9 bytes) @ 0x000001e8b358214c [0x000001e8b3582040+0x000000000000010c]
J 1616 c1 java.lang.reflect.Constructor.newInstance([Ljava/lang/Object;)Ljava/lang/Object; java.base@11.0.8 (76 bytes) @ 0x000001e8b351e39c [0x000001e8b351e120+0x000000000000027c]
j  org.springframework.beans.BeanUtils.instantiateClass(Ljava/lang/reflect/Constructor;[Ljava/lang/Object;)Ljava/lang/Object;+128
j  org.springframework.beans.factory.support.SimpleInstantiationStrategy.instantiate(Lorg/springframework/beans/factory/support/RootBeanDefinition;Ljava/lang/String;Lorg/springframework/beans/factory/BeanFactory;)Ljava/lang/Object;+140
j  org.springframework.beans.factory.support.AbstractAutowireCapableBeanFactory.instantiateBean(Ljava/lang/String;Lorg/springframework/beans/factory/support/RootBeanDefinition;)Lorg/springframework/beans/BeanWrapper;+32
j  org.springframework.beans.factory.support.AbstractAutowireCapableBeanFactory.createBeanInstance(Ljava/lang/String;Lorg/springframework/beans/factory/support/RootBeanDefinition;[Ljava/lang/Object;)Lorg/springframework/beans/BeanWrapper;+250
j  org.springframework.beans.factory.support.AbstractAutowireCapableBeanFactory.doCreateBean(Ljava/lang/String;Lorg/springframework/beans/factory/support/RootBeanDefinition;[Ljava/lang/Object;)Ljava/lang/Object;+34
j  org.springframework.beans.factory.support.AbstractAutowireCapableBeanFactory.createBean(Ljava/lang/String;Lorg/springframework/beans/factory/support/RootBeanDefinition;[Ljava/lang/Object;)Ljava/lang/Object;+169
j  org.springframework.beans.factory.support.AbstractBeanFactory.lambda$doGetBean$0(Ljava/lang/String;Lorg/springframework/beans/factory/support/RootBeanDefinition;[Ljava/lang/Object;)Ljava/lang/Object;+4
j  org.springframework.beans.factory.support.AbstractBeanFactory$$Lambda$236.getObject()Ljava/lang/Object;+16
j  org.springframework.beans.factory.support.DefaultSingletonBeanRegistry.getSingleton(Ljava/lang/String;Lorg/springframework/beans/factory/ObjectFactory;)Ljava/lang/Object;+132
J 2236 c1 org.springframework.beans.factory.support.AbstractBeanFactory.doGetBean(Ljava/lang/String;Ljava/lang/Class;[Ljava/lang/Object;Z)Ljava/lang/Object; (832 bytes) @ 0x000001e8b367f384 [0x000001e8b367cee0+0x00000000000024a4]
j  org.springframework.beans.factory.support.AbstractBeanFactory.getBean(Ljava/lang/String;)Ljava/lang/Object;+5
j  org.springframework.beans.factory.support.DefaultListableBeanFactory.preInstantiateSingletons()V+248
j  org.springframework.context.support.AbstractApplicationContext.finishBeanFactoryInitialization(Lorg/springframework/beans/factory/config/ConfigurableListableBeanFactory;)V+124
j  org.springframework.context.support.AbstractApplicationContext.refresh()V+86
j  org.springframework.boot.web.servlet.context.ServletWebServerApplicationContext.refresh()V+1
j  org.springframework.boot.SpringApplication.refresh(Lorg/springframework/context/ConfigurableApplicationContext;)V+1
j  org.springframework.boot.SpringApplication.refresh(Lorg/springframework/context/ApplicationContext;)V+12
j  org.springframework.boot.SpringApplication.refreshContext(Lorg/springframework/context/ConfigurableApplicationContext;)V+19
j  org.springframework.boot.SpringApplication.run([Ljava/lang/String;)Lorg/springframework/context/ConfigurableApplicationContext;+111
j  org.springframework.boot.SpringApplication.run([Ljava/lang/Class;[Ljava/lang/String;)Lorg/springframework/context/ConfigurableApplicationContext;+9
j  org.springframework.boot.SpringApplication.run(Ljava/lang/Class;[Ljava/lang/String;)Lorg/springframework/context/ConfigurableApplicationContext;+9
j  com.sbc.rest.service.Application.main([Ljava/lang/String;)V+3
v  ~StubRoutines::call_stub

siginfo: EXCEPTION_ACCESS_VIOLATION (0xc0000005), reading address 0xffffffffd5a87c70


Register to memory mapping:

RIP=0x0000000076a14669 libswipl.dll
RAX=0x000001e8d30c5c40 points into unknown readable memory: 20 5f 0c d3 e8 01 00 00
RBX=0xffffffffd5a87c70 is an unknown value
RCX=0x0000000000000001 is an unknown value
RDX=0x0000000000000003 is an unknown value
RSP=0x0000003ba94fdb20 is pointing into the stack for thread: 0x000001e8aa623800
RBP=0xffffffffd30dfac0 is an unknown value
RSI=0xffffffffd5a87c70 is an unknown value
RDI=0x0000003ba94fdca0 is pointing into the stack for thread: 0x000001e8aa623800
R8 =0xffffffffd5a87c70 is an unknown value
R9 =0x0000000000000016 is an unknown value
R10=0x00000000000000e4 is an unknown value
R11=0x00007ffab284735c jvm.dll
R12=0x0000000000000008 is an unknown value
R13={method} {0x000001e8d57cba28} 'open_query' '(Lorg/jpl7/fli/module_t;ILorg/jpl7/fli/predicate_t;Lorg/jpl7/fli/term_t;)Lorg/jpl7/fli/qid_t;' in 'org/jpl7/fli/Prolog'
R14=0x0000000000000016 is an unknown value
R15=0x0000000076b34dc0 libswipl.dll


Registers:
RAX=0x000001e8d30c5c40, RBX=0xffffffffd5a87c70, RCX=0x0000000000000001, RDX=0x0000000000000003
RSP=0x0000003ba94fdb20, RBP=0xffffffffd30dfac0, RSI=0xffffffffd5a87c70, RDI=0x0000003ba94fdca0
R8 =0xffffffffd5a87c70, R9 =0x0000000000000016, R10=0x00000000000000e4, R11=0x00007ffab284735c
R12=0x0000000000000008, R13=0x000001e8d57cba20, R14=0x0000000000000016, R15=0x0000000076b34dc0
RIP=0x0000000076a14669, EFLAGS=0x0000000000010246

Top of Stack: (sp=0x0000003ba94fdb20)
0x0000003ba94fdb20:   000000000000000d 0000003ba94fdcb8
0x0000003ba94fdb30:   000001e8d57cba20 00007ffab1fb6619
0x0000003ba94fdb40:   000001e8b2c99b00 0000000000000000
0x0000003ba94fdb50:   000001e8aa623800 000001e8aa623b40
0x0000003ba94fdb60:   ffffffffd5a87c70 0000003ba94fdca0
0x0000003ba94fdb70:   ffffffffd30dfac0 0000000000000008
0x0000003ba94fdb80:   000001e8d57cba20 0000003ba94fdcb8
0x0000003ba94fdb90:   000001e8aa623800 00000000500984ca
0x0000003ba94fdba0:   ffffffffd30dfac0 0000000000000000
0x0000003ba94fdbb0:   000001e8d57cba20 000001e8b2c9ede0
0x0000003ba94fdbc0:   000001e8d57cba20 0000000000000000
0x0000003ba94fdbd0:   000001e8b2c99b00 0000003ba94fdc80
0x0000003ba94fdbe0:   0000000000000000 000001e8b2c9ef97
0x0000003ba94fdbf0:   000001e8d57cba20 000001e8ce637d30
0x0000003ba94fdc00:   000001e8b2c99b00 000001e8b2c9ec92
0x0000003ba94fdc10:   0000003ba94fdca8 0000003ba94fdca0 

Instructions: (pc=0x0000000076a14669)
0x0000000076a14569:   77 19 4c 8b 4a 50 49 39 c9 76 10 4c 8b 51 28 4d
0x0000000076a14579:   39 d1 76 05 4d 39 d0 76 03 31 c0 c3 83 39 04 77
0x0000000076a14589:   fa 48 8b 42 10 48 39 c1 73 09 48 8b 40 08 48 39
0x0000000076a14599:   c1 72 f7 48 39 c1 0f 94 c0 0f b6 c0 c3 66 2e 0f
0x0000000076a145a9:   1f 84 00 00 00 00 00 41 57 41 56 41 55 41 54 55
0x0000000076a145b9:   57 56 53 48 83 ec 38 48 8b 05 f9 66 10 00 48 89
0x0000000076a145c9:   8c 24 80 00 00 00 41 89 d4 4c 89 c3 4d 89 ce 8b
0x0000000076a145d9:   08 ff 15 f8 5e 12 00 8b 0d e2 aa 11 00 49 89 c7
0x0000000076a145e9:   85 c9 75 5b 48 8b 05 bc 66 10 00 c7 05 ca aa 11
0x0000000076a145f9:   00 01 00 00 00 48 8b 80 30 18 00 00 48 8b 00 48
0x0000000076a14609:   c7 05 7d aa 11 00 ff ff ff ff 48 c7 05 9a aa 11
0x0000000076a14619:   00 01 00 00 00 48 89 05 5b aa 11 00 48 8b 05 74
0x0000000076a14629:   66 10 00 48 8b 80 08 02 00 00 48 89 05 86 aa 11
0x0000000076a14639:   00 48 8d 05 3f aa 11 00 48 89 05 08 aa 11 00 49
0x0000000076a14649:   8b 47 18 49 3b 47 08 0f 86 aa 03 00 00 48 63 50
0x0000000076a14659:   04 48 8d 44 d0 28 49 39 47 50 0f 82 47 03 00 00
0x0000000076a14669:   48 8b 33 48 83 7e 20 00 8b 46 48 0f 84 60 03 00
0x0000000076a14679:   00 f6 c4 04 74 12 49 8b 97 40 0b 00 00 48 89 f1
0x0000000076a14689:   e8 92 3b ff ff 48 89 c6 49 8b 47 50 48 8d 90 60
0x0000000076a14699:   21 00 00 49 39 57 58 48 89 c7 0f 82 aa 04 00 00
0x0000000076a146a9:   a8 0f 48 89 c3 74 0c 48 83 c3 08 f6 c3 0f 75 f7
0x0000000076a146b9:   48 89 df 4c 8b 2d ed 65 10 00 48 89 43 70 48 8d
0x0000000076a146c9:   83 d0 00 00 00 48 c7 83 d8 00 00 00 00 00 00 00
0x0000000076a146d9:   48 89 44 24 20 49 8b 85 30 18 00 00 48 8b 08 48
0x0000000076a146e9:   8d 05 51 a9 11 00 48 c7 83 d0 00 00 00 00 00 00
0x0000000076a146f9:   00 48 89 83 e0 00 00 00 48 89 8b e8 00 00 00 41
0x0000000076a14709:   8b 97 60 05 00 00 85 d2 0f 85 bb 03 00 00 48 c7
0x0000000076a14719:   83 f8 00 00 00 00 00 00 00 49 8b 47 08 48 85 c0
0x0000000076a14729:   0f 84 bf 03 00 00 8b 50 38 8d 42 01 83 c2 02 89
0x0000000076a14739:   83 08 01 00 00 49 8b 47 08 8b 40 3c 25 4c fe ff
0x0000000076a14749:   ff 89 83 0c 01 00 00 48 8d 8b 10 01 00 00 89 93
0x0000000076a14759:   48 01 00 00 89 83 4c 01 00 00 48 89 4c 24 28 48 


Stack slot to memory mapping:
stack at sp + 0 slots: 0x000000000000000d is an unknown value
stack at sp + 1 slots: 0x0000003ba94fdcb8 is pointing into the stack for thread: 0x000001e8aa623800
stack at sp + 2 slots: {method} {0x000001e8d57cba28} 'open_query' '(Lorg/jpl7/fli/module_t;ILorg/jpl7/fli/predicate_t;Lorg/jpl7/fli/term_t;)Lorg/jpl7/fli/qid_t;' in 'org/jpl7/fli/Prolog'
stack at sp + 3 slots: 0x00007ffab1fb6619 jvm.dll
stack at sp + 4 slots: 0x000001e8b2c99b00 is at code_begin+1664 in an Interpreter codelet
invoke return entry points  [0x000001e8b2c99480, 0x000001e8b2c99e80]  2560 bytes
stack at sp + 5 slots: 0x0 is NULL
stack at sp + 6 slots: 0x000001e8aa623800 is a thread
stack at sp + 7 slots: 0x000001e8aa623b40 points into unknown readable memory: f0 cb 7c b2 fa 7f 00 00


---------------  P R O C E S S  ---------------

Threads class SMR info:
_java_thread_list=0x000001e8d08e5bd0, length=16, elements={
0x000001e8aa623800, 0x000001e8ce74e800, 0x000001e8ce758000, 0x000001e8cf04a800,
0x000001e8cf04b800, 0x000001e8cf04d800, 0x000001e8cf055800, 0x000001e8cf058000,
0x000001e8cefe1000, 0x000001e8cf1eb000, 0x000001e8cf53c000, 0x000001e8cf35d000,
0x000001e8d0de8000, 0x000001e8d34e3000, 0x000001e8d34e3800, 0x000001e8d0a30000
}

Java Threads: ( => current thread )
=>0x000001e8aa623800 JavaThread "main" [_thread_in_native, id=24864, stack(0x0000003ba9400000,0x0000003ba9500000)]
  0x000001e8ce74e800 JavaThread "Reference Handler" daemon [_thread_blocked, id=5308, stack(0x0000003ba9b00000,0x0000003ba9c00000)]
  0x000001e8ce758000 JavaThread "Finalizer" daemon [_thread_blocked, id=23848, stack(0x0000003ba9c00000,0x0000003ba9d00000)]
  0x000001e8cf04a800 JavaThread "Signal Dispatcher" daemon [_thread_blocked, id=24608, stack(0x0000003ba9d00000,0x0000003ba9e00000)]
  0x000001e8cf04b800 JavaThread "Attach Listener" daemon [_thread_blocked, id=15120, stack(0x0000003ba9e00000,0x0000003ba9f00000)]
  0x000001e8cf04d800 JavaThread "C2 CompilerThread0" daemon [_thread_blocked, id=9784, stack(0x0000003ba9f00000,0x0000003baa000000)]
  0x000001e8cf055800 JavaThread "C1 CompilerThread0" daemon [_thread_blocked, id=24832, stack(0x0000003baa000000,0x0000003baa100000)]
  0x000001e8cf058000 JavaThread "Sweeper thread" daemon [_thread_blocked, id=15332, stack(0x0000003baa100000,0x0000003baa200000)]
  0x000001e8cefe1000 JavaThread "Common-Cleaner" daemon [_thread_blocked, id=23000, stack(0x0000003baa200000,0x0000003baa300000)]
  0x000001e8cf1eb000 JavaThread "C2 CompilerThread1" daemon [_thread_blocked, id=25416, stack(0x0000003baa300000,0x0000003baa400000)]
  0x000001e8cf53c000 JavaThread "Monitor Ctrl-Break" daemon [_thread_in_native, id=12580, stack(0x0000003baa400000,0x0000003baa500000)]
  0x000001e8cf35d000 JavaThread "Service Thread" daemon [_thread_blocked, id=19916, stack(0x0000003baa500000,0x0000003baa600000)]
  0x000001e8d0de8000 JavaThread "C2 CompilerThread2" daemon [_thread_blocked, id=21452, stack(0x0000003baac00000,0x0000003baad00000)]
  0x000001e8d34e3000 JavaThread "Catalina-utility-1" [_thread_blocked, id=18900, stack(0x0000003baaf00000,0x0000003bab000000)]
  0x000001e8d34e3800 JavaThread "Catalina-utility-2" [_thread_blocked, id=6648, stack(0x0000003bab000000,0x0000003bab100000)]
  0x000001e8d0a30000 JavaThread "container-0" [_thread_blocked, id=2792, stack(0x0000003bab100000,0x0000003bab200000)]

Other Threads:
  0x000001e8ce74b800 VMThread "VM Thread" [stack: 0x0000003ba9a00000,0x0000003ba9b00000] [id=14516]
  0x000001e8cf35e000 WatcherThread [stack: 0x0000003baa600000,0x0000003baa700000] [id=18196]
  0x000001e8aa63c000 GCTaskThread "GC Thread#0" [stack: 0x0000003ba9500000,0x0000003ba9600000] [id=9832]
  0x000001e8cf86e800 GCTaskThread "GC Thread#1" [stack: 0x0000003baa700000,0x0000003baa800000] [id=11596]
  0x000001e8d0030800 GCTaskThread "GC Thread#2" [stack: 0x0000003baa800000,0x0000003baa900000] [id=9096]
  0x000001e8d0208800 GCTaskThread "GC Thread#3" [stack: 0x0000003baa900000,0x0000003baaa00000] [id=7520]
  0x000001e8cfb28800 GCTaskThread "GC Thread#4" [stack: 0x0000003baaa00000,0x0000003baab00000] [id=13628]
  0x000001e8cf82d800 GCTaskThread "GC Thread#5" [stack: 0x0000003baab00000,0x0000003baac00000] [id=5872]
  0x000001e8aa698000 ConcurrentGCThread "G1 Main Marker" [stack: 0x0000003ba9600000,0x0000003ba9700000] [id=16280]
  0x000001e8aa699800 ConcurrentGCThread "G1 Conc#0" [stack: 0x0000003ba9700000,0x0000003ba9800000] [id=18044]
  0x000001e8d09e0000 ConcurrentGCThread "G1 Conc#1" [stack: 0x0000003baad00000,0x0000003baae00000] [id=14292]
  0x000001e8d0521800 ConcurrentGCThread "G1 Conc#2" [stack: 0x0000003baae00000,0x0000003baaf00000] [id=9244]
  0x000001e8ce627000 ConcurrentGCThread "G1 Refine#0" [stack: 0x0000003ba9800000,0x0000003ba9900000] [id=17228]
  0x000001e8ce628000 ConcurrentGCThread "G1 Young RemSet Sampling" [stack: 0x0000003ba9900000,0x0000003ba9a00000] [id=16256]

Threads with active compile tasks:

VM state:not at safepoint (normal execution)

VM Mutex/Monitor currently owned by a thread: None

Heap address: 0x0000000700800000, size: 4088 MB, Compressed Oops mode: Zero based, Oop shift amount: 3
Narrow klass base: 0x0000000800000000, Narrow klass shift: 0
Compressed class space size: 1073741824 Address: 0x0000000800000000

Heap:
 garbage-first heap   total 262144K, used 39181K [0x0000000700800000, 0x0000000800000000)
  region size 1024K, 35 young (35840K), 3 survivors (3072K)
 Metaspace       used 32382K, capacity 33341K, committed 33536K, reserved 1079296K
  class space    used 3709K, capacity 4078K, committed 4096K, reserved 1048576K
Heap Regions: E=young(eden), S=young(survivor), O=old, HS=humongous(starts), HC=humongous(continues), CS=collection set, F=free, A=archive, TAMS=top-at-mark-start (previous, next)
|   0|0x0000000700800000, 0x0000000700900000, 0x0000000700900000|100%| O|  |TAMS 0x0000000700900000, 0x0000000700800000| Untracked 
|   1|0x0000000700900000, 0x0000000700a00000, 0x0000000700a00000|100%| O|  |TAMS 0x0000000700950600, 0x0000000700900000| Untracked 
|   2|0x0000000700a00000, 0x0000000700b00000, 0x0000000700b00000|100%| O|  |TAMS 0x0000000700a00000, 0x0000000700a00000| Untracked 
|   3|0x0000000700b00000, 0x0000000700c00000, 0x0000000700c00000|100%| O|  |TAMS 0x0000000700b00000, 0x0000000700b00000| Untracked 
|   4|0x0000000700c00000, 0x0000000700c43400, 0x0000000700d00000| 26%| O|  |TAMS 0x0000000700c00000, 0x0000000700c00000| Untracked 
|   5|0x0000000700d00000, 0x0000000700d00000, 0x0000000700e00000|  0%| F|  |TAMS 0x0000000700d00000, 0x0000000700d00000| Untracked 
|   6|0x0000000700e00000, 0x0000000700e00000, 0x0000000700f00000|  0%| F|  |TAMS 0x0000000700e00000, 0x0000000700e00000| Untracked 
|   7|0x0000000700f00000, 0x0000000700f00000, 0x0000000701000000|  0%| F|  |TAMS 0x0000000700f00000, 0x0000000700f00000| Untracked 
|   8|0x0000000701000000, 0x0000000701000000, 0x0000000701100000|  0%| F|  |TAMS 0x0000000701000000, 0x0000000701000000| Untracked 
|   9|0x0000000701100000, 0x0000000701100000, 0x0000000701200000|  0%| F|  |TAMS 0x0000000701100000, 0x0000000701100000| Untracked 
|  10|0x0000000701200000, 0x0000000701200000, 0x0000000701300000|  0%| F|  |TAMS 0x0000000701200000, 0x0000000701200000| Untracked 
|  11|0x0000000701300000, 0x0000000701300000, 0x0000000701400000|  0%| F|  |TAMS 0x0000000701300000, 0x0000000701300000| Untracked 
|  12|0x0000000701400000, 0x0000000701400000, 0x0000000701500000|  0%| F|  |TAMS 0x0000000701400000, 0x0000000701400000| Untracked 
|  13|0x0000000701500000, 0x0000000701500000, 0x0000000701600000|  0%| F|  |TAMS 0x0000000701500000, 0x0000000701500000| Untracked 
|  14|0x0000000701600000, 0x0000000701600000, 0x0000000701700000|  0%| F|  |TAMS 0x0000000701600000, 0x0000000701600000| Untracked 
|  15|0x0000000701700000, 0x0000000701700000, 0x0000000701800000|  0%| F|  |TAMS 0x0000000701700000, 0x0000000701700000| Untracked 
|  16|0x0000000701800000, 0x0000000701800000, 0x0000000701900000|  0%| F|  |TAMS 0x0000000701800000, 0x0000000701800000| Untracked 
|  17|0x0000000701900000, 0x0000000701900000, 0x0000000701a00000|  0%| F|  |TAMS 0x0000000701900000, 0x0000000701900000| Untracked 
|  18|0x0000000701a00000, 0x0000000701a00000, 0x0000000701b00000|  0%| F|  |TAMS 0x0000000701a00000, 0x0000000701a00000| Untracked 
|  19|0x0000000701b00000, 0x0000000701b00000, 0x0000000701c00000|  0%| F|  |TAMS 0x0000000701b00000, 0x0000000701b00000| Untracked 
|  20|0x0000000701c00000, 0x0000000701c00000, 0x0000000701d00000|  0%| F|  |TAMS 0x0000000701c00000, 0x0000000701c00000| Untracked 
|  21|0x0000000701d00000, 0x0000000701d00000, 0x0000000701e00000|  0%| F|  |TAMS 0x0000000701d00000, 0x0000000701d00000| Untracked 
|  22|0x0000000701e00000, 0x0000000701e00000, 0x0000000701f00000|  0%| F|  |TAMS 0x0000000701e00000, 0x0000000701e00000| Untracked 
|  23|0x0000000701f00000, 0x0000000701f00000, 0x0000000702000000|  0%| F|  |TAMS 0x0000000701f00000, 0x0000000701f00000| Untracked 
|  24|0x0000000702000000, 0x0000000702000000, 0x0000000702100000|  0%| F|  |TAMS 0x0000000702000000, 0x0000000702000000| Untracked 
|  25|0x0000000702100000, 0x0000000702100000, 0x0000000702200000|  0%| F|  |TAMS 0x0000000702100000, 0x0000000702100000| Untracked 
|  26|0x0000000702200000, 0x0000000702200000, 0x0000000702300000|  0%| F|  |TAMS 0x0000000702200000, 0x0000000702200000| Untracked 
|  27|0x0000000702300000, 0x0000000702300000, 0x0000000702400000|  0%| F|  |TAMS 0x0000000702300000, 0x0000000702300000| Untracked 
|  28|0x0000000702400000, 0x0000000702400000, 0x0000000702500000|  0%| F|  |TAMS 0x0000000702400000, 0x0000000702400000| Untracked 
|  29|0x0000000702500000, 0x0000000702500000, 0x0000000702600000|  0%| F|  |TAMS 0x0000000702500000, 0x0000000702500000| Untracked 
|  30|0x0000000702600000, 0x0000000702600000, 0x0000000702700000|  0%| F|  |TAMS 0x0000000702600000, 0x0000000702600000| Untracked 
|  31|0x0000000702700000, 0x0000000702700000, 0x0000000702800000|  0%| F|  |TAMS 0x0000000702700000, 0x0000000702700000| Untracked 
|  32|0x0000000702800000, 0x0000000702800000, 0x0000000702900000|  0%| F|  |TAMS 0x0000000702800000, 0x0000000702800000| Untracked 
|  33|0x0000000702900000, 0x0000000702900000, 0x0000000702a00000|  0%| F|  |TAMS 0x0000000702900000, 0x0000000702900000| Untracked 
|  34|0x0000000702a00000, 0x0000000702a00000, 0x0000000702b00000|  0%| F|  |TAMS 0x0000000702a00000, 0x0000000702a00000| Untracked 
|  35|0x0000000702b00000, 0x0000000702b00000, 0x0000000702c00000|  0%| F|  |TAMS 0x0000000702b00000, 0x0000000702b00000| Untracked 
|  36|0x0000000702c00000, 0x0000000702c00000, 0x0000000702d00000|  0%| F|  |TAMS 0x0000000702c00000, 0x0000000702c00000| Untracked 
|  37|0x0000000702d00000, 0x0000000702d00000, 0x0000000702e00000|  0%| F|  |TAMS 0x0000000702d00000, 0x0000000702d00000| Untracked 
|  38|0x0000000702e00000, 0x0000000702e00000, 0x0000000702f00000|  0%| F|  |TAMS 0x0000000702e00000, 0x0000000702e00000| Untracked 
|  39|0x0000000702f00000, 0x0000000702f00000, 0x0000000703000000|  0%| F|  |TAMS 0x0000000702f00000, 0x0000000702f00000| Untracked 
|  40|0x0000000703000000, 0x0000000703000000, 0x0000000703100000|  0%| F|  |TAMS 0x0000000703000000, 0x0000000703000000| Untracked 
|  41|0x0000000703100000, 0x0000000703100000, 0x0000000703200000|  0%| F|  |TAMS 0x0000000703100000, 0x0000000703100000| Untracked 
|  42|0x0000000703200000, 0x0000000703200000, 0x0000000703300000|  0%| F|  |TAMS 0x0000000703200000, 0x0000000703200000| Untracked 
|  43|0x0000000703300000, 0x0000000703300000, 0x0000000703400000|  0%| F|  |TAMS 0x0000000703300000, 0x0000000703300000| Untracked 
|  44|0x0000000703400000, 0x0000000703400000, 0x0000000703500000|  0%| F|  |TAMS 0x0000000703400000, 0x0000000703400000| Untracked 
|  45|0x0000000703500000, 0x0000000703500000, 0x0000000703600000|  0%| F|  |TAMS 0x0000000703500000, 0x0000000703500000| Untracked 
|  46|0x0000000703600000, 0x0000000703600000, 0x0000000703700000|  0%| F|  |TAMS 0x0000000703600000, 0x0000000703600000| Untracked 
|  47|0x0000000703700000, 0x0000000703700000, 0x0000000703800000|  0%| F|  |TAMS 0x0000000703700000, 0x0000000703700000| Untracked 
|  48|0x0000000703800000, 0x0000000703800000, 0x0000000703900000|  0%| F|  |TAMS 0x0000000703800000, 0x0000000703800000| Untracked 
|  49|0x0000000703900000, 0x0000000703900000, 0x0000000703a00000|  0%| F|  |TAMS 0x0000000703900000, 0x0000000703900000| Untracked 
|  50|0x0000000703a00000, 0x0000000703a00000, 0x0000000703b00000|  0%| F|  |TAMS 0x0000000703a00000, 0x0000000703a00000| Untracked 
|  51|0x0000000703b00000, 0x0000000703b00000, 0x0000000703c00000|  0%| F|  |TAMS 0x0000000703b00000, 0x0000000703b00000| Untracked 
|  52|0x0000000703c00000, 0x0000000703c00000, 0x0000000703d00000|  0%| F|  |TAMS 0x0000000703c00000, 0x0000000703c00000| Untracked 
|  53|0x0000000703d00000, 0x0000000703d00000, 0x0000000703e00000|  0%| F|  |TAMS 0x0000000703d00000, 0x0000000703d00000| Untracked 
|  54|0x0000000703e00000, 0x0000000703e00000, 0x0000000703f00000|  0%| F|  |TAMS 0x0000000703e00000, 0x0000000703e00000| Untracked 
|  55|0x0000000703f00000, 0x0000000703f00000, 0x0000000704000000|  0%| F|  |TAMS 0x0000000703f00000, 0x0000000703f00000| Untracked 
|  56|0x0000000704000000, 0x0000000704000000, 0x0000000704100000|  0%| F|  |TAMS 0x0000000704000000, 0x0000000704000000| Untracked 
|  57|0x0000000704100000, 0x0000000704100000, 0x0000000704200000|  0%| F|  |TAMS 0x0000000704100000, 0x0000000704100000| Untracked 
|  58|0x0000000704200000, 0x0000000704200000, 0x0000000704300000|  0%| F|  |TAMS 0x0000000704200000, 0x0000000704200000| Untracked 
|  59|0x0000000704300000, 0x0000000704300000, 0x0000000704400000|  0%| F|  |TAMS 0x0000000704300000, 0x0000000704300000| Untracked 
|  60|0x0000000704400000, 0x0000000704400000, 0x0000000704500000|  0%| F|  |TAMS 0x0000000704400000, 0x0000000704400000| Untracked 
|  61|0x0000000704500000, 0x0000000704500000, 0x0000000704600000|  0%| F|  |TAMS 0x0000000704500000, 0x0000000704500000| Untracked 
|  62|0x0000000704600000, 0x0000000704600000, 0x0000000704700000|  0%| F|  |TAMS 0x0000000704600000, 0x0000000704600000| Untracked 
|  63|0x0000000704700000, 0x0000000704700000, 0x0000000704800000|  0%| F|  |TAMS 0x0000000704700000, 0x0000000704700000| Untracked 
|  64|0x0000000704800000, 0x0000000704800000, 0x0000000704900000|  0%| F|  |TAMS 0x0000000704800000, 0x0000000704800000| Untracked 
|  65|0x0000000704900000, 0x0000000704900000, 0x0000000704a00000|  0%| F|  |TAMS 0x0000000704900000, 0x0000000704900000| Untracked 
|  66|0x0000000704a00000, 0x0000000704a00000, 0x0000000704b00000|  0%| F|  |TAMS 0x0000000704a00000, 0x0000000704a00000| Untracked 
|  67|0x0000000704b00000, 0x0000000704b00000, 0x0000000704c00000|  0%| F|  |TAMS 0x0000000704b00000, 0x0000000704b00000| Untracked 
|  68|0x0000000704c00000, 0x0000000704c00000, 0x0000000704d00000|  0%| F|  |TAMS 0x0000000704c00000, 0x0000000704c00000| Untracked 
|  69|0x0000000704d00000, 0x0000000704d00000, 0x0000000704e00000|  0%| F|  |TAMS 0x0000000704d00000, 0x0000000704d00000| Untracked 
|  70|0x0000000704e00000, 0x0000000704e00000, 0x0000000704f00000|  0%| F|  |TAMS 0x0000000704e00000, 0x0000000704e00000| Untracked 
|  71|0x0000000704f00000, 0x0000000704f00000, 0x0000000705000000|  0%| F|  |TAMS 0x0000000704f00000, 0x0000000704f00000| Untracked 
|  72|0x0000000705000000, 0x0000000705000000, 0x0000000705100000|  0%| F|  |TAMS 0x0000000705000000, 0x0000000705000000| Untracked 
|  73|0x0000000705100000, 0x0000000705100000, 0x0000000705200000|  0%| F|  |TAMS 0x0000000705100000, 0x0000000705100000| Untracked 
|  74|0x0000000705200000, 0x0000000705200000, 0x0000000705300000|  0%| F|  |TAMS 0x0000000705200000, 0x0000000705200000| Untracked 
|  75|0x0000000705300000, 0x0000000705300000, 0x0000000705400000|  0%| F|  |TAMS 0x0000000705300000, 0x0000000705300000| Untracked 
|  76|0x0000000705400000, 0x0000000705400000, 0x0000000705500000|  0%| F|  |TAMS 0x0000000705400000, 0x0000000705400000| Untracked 
|  77|0x0000000705500000, 0x0000000705500000, 0x0000000705600000|  0%| F|  |TAMS 0x0000000705500000, 0x0000000705500000| Untracked 
|  78|0x0000000705600000, 0x0000000705600000, 0x0000000705700000|  0%| F|  |TAMS 0x0000000705600000, 0x0000000705600000| Untracked 
|  79|0x0000000705700000, 0x0000000705700000, 0x0000000705800000|  0%| F|  |TAMS 0x0000000705700000, 0x0000000705700000| Untracked 
|  80|0x0000000705800000, 0x0000000705800000, 0x0000000705900000|  0%| F|  |TAMS 0x0000000705800000, 0x0000000705800000| Untracked 
|  81|0x0000000705900000, 0x0000000705900000, 0x0000000705a00000|  0%| F|  |TAMS 0x0000000705900000, 0x0000000705900000| Untracked 
|  82|0x0000000705a00000, 0x0000000705a00000, 0x0000000705b00000|  0%| F|  |TAMS 0x0000000705a00000, 0x0000000705a00000| Untracked 
|  83|0x0000000705b00000, 0x0000000705b00000, 0x0000000705c00000|  0%| F|  |TAMS 0x0000000705b00000, 0x0000000705b00000| Untracked 
|  84|0x0000000705c00000, 0x0000000705c00000, 0x0000000705d00000|  0%| F|  |TAMS 0x0000000705c00000, 0x0000000705c00000| Untracked 
|  85|0x0000000705d00000, 0x0000000705d00000, 0x0000000705e00000|  0%| F|  |TAMS 0x0000000705d00000, 0x0000000705d00000| Untracked 
|  86|0x0000000705e00000, 0x0000000705e00000, 0x0000000705f00000|  0%| F|  |TAMS 0x0000000705e00000, 0x0000000705e00000| Untracked 
|  87|0x0000000705f00000, 0x0000000705f00000, 0x0000000706000000|  0%| F|  |TAMS 0x0000000705f00000, 0x0000000705f00000| Untracked 
|  88|0x0000000706000000, 0x0000000706000000, 0x0000000706100000|  0%| F|  |TAMS 0x0000000706000000, 0x0000000706000000| Untracked 
|  89|0x0000000706100000, 0x0000000706100000, 0x0000000706200000|  0%| F|  |TAMS 0x0000000706100000, 0x0000000706100000| Untracked 
|  90|0x0000000706200000, 0x0000000706200000, 0x0000000706300000|  0%| F|  |TAMS 0x0000000706200000, 0x0000000706200000| Untracked 
|  91|0x0000000706300000, 0x0000000706300000, 0x0000000706400000|  0%| F|  |TAMS 0x0000000706300000, 0x0000000706300000| Untracked 
|  92|0x0000000706400000, 0x0000000706400000, 0x0000000706500000|  0%| F|  |TAMS 0x0000000706400000, 0x0000000706400000| Untracked 
|  93|0x0000000706500000, 0x0000000706500000, 0x0000000706600000|  0%| F|  |TAMS 0x0000000706500000, 0x0000000706500000| Untracked 
|  94|0x0000000706600000, 0x0000000706600000, 0x0000000706700000|  0%| F|  |TAMS 0x0000000706600000, 0x0000000706600000| Untracked 
|  95|0x0000000706700000, 0x0000000706700000, 0x0000000706800000|  0%| F|  |TAMS 0x0000000706700000, 0x0000000706700000| Untracked 
|  96|0x0000000706800000, 0x0000000706800000, 0x0000000706900000|  0%| F|  |TAMS 0x0000000706800000, 0x0000000706800000| Untracked 
|  97|0x0000000706900000, 0x0000000706900000, 0x0000000706a00000|  0%| F|  |TAMS 0x0000000706900000, 0x0000000706900000| Untracked 
|  98|0x0000000706a00000, 0x0000000706a00000, 0x0000000706b00000|  0%| F|  |TAMS 0x0000000706a00000, 0x0000000706a00000| Untracked 
|  99|0x0000000706b00000, 0x0000000706b00000, 0x0000000706c00000|  0%| F|  |TAMS 0x0000000706b00000, 0x0000000706b00000| Untracked 
| 100|0x0000000706c00000, 0x0000000706c00000, 0x0000000706d00000|  0%| F|  |TAMS 0x0000000706c00000, 0x0000000706c00000| Untracked 
| 101|0x0000000706d00000, 0x0000000706d00000, 0x0000000706e00000|  0%| F|  |TAMS 0x0000000706d00000, 0x0000000706d00000| Untracked 
| 102|0x0000000706e00000, 0x0000000706e00000, 0x0000000706f00000|  0%| F|  |TAMS 0x0000000706e00000, 0x0000000706e00000| Untracked 
| 103|0x0000000706f00000, 0x0000000706f00000, 0x0000000707000000|  0%| F|  |TAMS 0x0000000706f00000, 0x0000000706f00000| Untracked 
| 104|0x0000000707000000, 0x0000000707000000, 0x0000000707100000|  0%| F|  |TAMS 0x0000000707000000, 0x0000000707000000| Untracked 
| 105|0x0000000707100000, 0x0000000707100000, 0x0000000707200000|  0%| F|  |TAMS 0x0000000707100000, 0x0000000707100000| Untracked 
| 106|0x0000000707200000, 0x0000000707200000, 0x0000000707300000|  0%| F|  |TAMS 0x0000000707200000, 0x0000000707200000| Untracked 
| 107|0x0000000707300000, 0x0000000707300000, 0x0000000707400000|  0%| F|  |TAMS 0x0000000707300000, 0x0000000707300000| Untracked 
| 108|0x0000000707400000, 0x0000000707400000, 0x0000000707500000|  0%| F|  |TAMS 0x0000000707400000, 0x0000000707400000| Untracked 
| 109|0x0000000707500000, 0x0000000707500000, 0x0000000707600000|  0%| F|  |TAMS 0x0000000707500000, 0x0000000707500000| Untracked 
| 110|0x0000000707600000, 0x0000000707600000, 0x0000000707700000|  0%| F|  |TAMS 0x0000000707600000, 0x0000000707600000| Untracked 
| 111|0x0000000707700000, 0x0000000707700000, 0x0000000707800000|  0%| F|  |TAMS 0x0000000707700000, 0x0000000707700000| Untracked 
| 112|0x0000000707800000, 0x0000000707800000, 0x0000000707900000|  0%| F|  |TAMS 0x0000000707800000, 0x0000000707800000| Untracked 
| 113|0x0000000707900000, 0x0000000707900000, 0x0000000707a00000|  0%| F|  |TAMS 0x0000000707900000, 0x0000000707900000| Untracked 
| 114|0x0000000707a00000, 0x0000000707a00000, 0x0000000707b00000|  0%| F|  |TAMS 0x0000000707a00000, 0x0000000707a00000| Untracked 
| 115|0x0000000707b00000, 0x0000000707b00000, 0x0000000707c00000|  0%| F|  |TAMS 0x0000000707b00000, 0x0000000707b00000| Untracked 
| 116|0x0000000707c00000, 0x0000000707c00000, 0x0000000707d00000|  0%| F|  |TAMS 0x0000000707c00000, 0x0000000707c00000| Untracked 
| 117|0x0000000707d00000, 0x0000000707d00000, 0x0000000707e00000|  0%| F|  |TAMS 0x0000000707d00000, 0x0000000707d00000| Untracked 
| 118|0x0000000707e00000, 0x0000000707e00000, 0x0000000707f00000|  0%| F|  |TAMS 0x0000000707e00000, 0x0000000707e00000| Untracked 
| 119|0x0000000707f00000, 0x0000000707f00000, 0x0000000708000000|  0%| F|  |TAMS 0x0000000707f00000, 0x0000000707f00000| Untracked 
| 120|0x0000000708000000, 0x0000000708000000, 0x0000000708100000|  0%| F|  |TAMS 0x0000000708000000, 0x0000000708000000| Untracked 
| 121|0x0000000708100000, 0x0000000708100000, 0x0000000708200000|  0%| F|  |TAMS 0x0000000708100000, 0x0000000708100000| Untracked 
| 122|0x0000000708200000, 0x0000000708200000, 0x0000000708300000|  0%| F|  |TAMS 0x0000000708200000, 0x0000000708200000| Untracked 
| 123|0x0000000708300000, 0x0000000708300000, 0x0000000708400000|  0%| F|  |TAMS 0x0000000708300000, 0x0000000708300000| Untracked 
| 124|0x0000000708400000, 0x0000000708400000, 0x0000000708500000|  0%| F|  |TAMS 0x0000000708400000, 0x0000000708400000| Untracked 
| 125|0x0000000708500000, 0x0000000708500000, 0x0000000708600000|  0%| F|  |TAMS 0x0000000708500000, 0x0000000708500000| Untracked 
| 126|0x0000000708600000, 0x0000000708600000, 0x0000000708700000|  0%| F|  |TAMS 0x0000000708600000, 0x0000000708600000| Untracked 
| 127|0x0000000708700000, 0x0000000708700000, 0x0000000708800000|  0%| F|  |TAMS 0x0000000708700000, 0x0000000708700000| Untracked 
| 128|0x0000000708800000, 0x0000000708800000, 0x0000000708900000|  0%| F|  |TAMS 0x0000000708800000, 0x0000000708800000| Untracked 
| 129|0x0000000708900000, 0x0000000708900000, 0x0000000708a00000|  0%| F|  |TAMS 0x0000000708900000, 0x0000000708900000| Untracked 
| 130|0x0000000708a00000, 0x0000000708a00000, 0x0000000708b00000|  0%| F|  |TAMS 0x0000000708a00000, 0x0000000708a00000| Untracked 
| 131|0x0000000708b00000, 0x0000000708b00000, 0x0000000708c00000|  0%| F|  |TAMS 0x0000000708b00000, 0x0000000708b00000| Untracked 
| 132|0x0000000708c00000, 0x0000000708c00000, 0x0000000708d00000|  0%| F|  |TAMS 0x0000000708c00000, 0x0000000708c00000| Untracked 
| 133|0x0000000708d00000, 0x0000000708d00000, 0x0000000708e00000|  0%| F|  |TAMS 0x0000000708d00000, 0x0000000708d00000| Untracked 
| 134|0x0000000708e00000, 0x0000000708e00000, 0x0000000708f00000|  0%| F|  |TAMS 0x0000000708e00000, 0x0000000708e00000| Untracked 
| 135|0x0000000708f00000, 0x0000000708f00000, 0x0000000709000000|  0%| F|  |TAMS 0x0000000708f00000, 0x0000000708f00000| Untracked 
| 136|0x0000000709000000, 0x0000000709000000, 0x0000000709100000|  0%| F|  |TAMS 0x0000000709000000, 0x0000000709000000| Untracked 
| 137|0x0000000709100000, 0x0000000709100000, 0x0000000709200000|  0%| F|  |TAMS 0x0000000709100000, 0x0000000709100000| Untracked 
| 138|0x0000000709200000, 0x0000000709200000, 0x0000000709300000|  0%| F|  |TAMS 0x0000000709200000, 0x0000000709200000| Untracked 
| 139|0x0000000709300000, 0x0000000709300000, 0x0000000709400000|  0%| F|  |TAMS 0x0000000709300000, 0x0000000709300000| Untracked 
| 140|0x0000000709400000, 0x0000000709400000, 0x0000000709500000|  0%| F|  |TAMS 0x0000000709400000, 0x0000000709400000| Untracked 
| 141|0x0000000709500000, 0x0000000709500000, 0x0000000709600000|  0%| F|  |TAMS 0x0000000709500000, 0x0000000709500000| Untracked 
| 142|0x0000000709600000, 0x0000000709600000, 0x0000000709700000|  0%| F|  |TAMS 0x0000000709600000, 0x0000000709600000| Untracked 
| 143|0x0000000709700000, 0x0000000709700000, 0x0000000709800000|  0%| F|  |TAMS 0x0000000709700000, 0x0000000709700000| Untracked 
| 144|0x0000000709800000, 0x0000000709800000, 0x0000000709900000|  0%| F|  |TAMS 0x0000000709800000, 0x0000000709800000| Untracked 
| 145|0x0000000709900000, 0x0000000709900000, 0x0000000709a00000|  0%| F|  |TAMS 0x0000000709900000, 0x0000000709900000| Untracked 
| 146|0x0000000709a00000, 0x0000000709a00000, 0x0000000709b00000|  0%| F|  |TAMS 0x0000000709a00000, 0x0000000709a00000| Untracked 
| 147|0x0000000709b00000, 0x0000000709b00000, 0x0000000709c00000|  0%| F|  |TAMS 0x0000000709b00000, 0x0000000709b00000| Untracked 
| 148|0x0000000709c00000, 0x0000000709c00000, 0x0000000709d00000|  0%| F|  |TAMS 0x0000000709c00000, 0x0000000709c00000| Untracked 
| 149|0x0000000709d00000, 0x0000000709d00000, 0x0000000709e00000|  0%| F|  |TAMS 0x0000000709d00000, 0x0000000709d00000| Untracked 
| 150|0x0000000709e00000, 0x0000000709e00000, 0x0000000709f00000|  0%| F|  |TAMS 0x0000000709e00000, 0x0000000709e00000| Untracked 
| 151|0x0000000709f00000, 0x0000000709f00000, 0x000000070a000000|  0%| F|  |TAMS 0x0000000709f00000, 0x0000000709f00000| Untracked 
| 152|0x000000070a000000, 0x000000070a000000, 0x000000070a100000|  0%| F|  |TAMS 0x000000070a000000, 0x000000070a000000| Untracked 
| 153|0x000000070a100000, 0x000000070a100000, 0x000000070a200000|  0%| F|  |TAMS 0x000000070a100000, 0x000000070a100000| Untracked 
| 154|0x000000070a200000, 0x000000070a200000, 0x000000070a300000|  0%| F|  |TAMS 0x000000070a200000, 0x000000070a200000| Untracked 
| 155|0x000000070a300000, 0x000000070a300000, 0x000000070a400000|  0%| F|  |TAMS 0x000000070a300000, 0x000000070a300000| Untracked 
| 156|0x000000070a400000, 0x000000070a400000, 0x000000070a500000|  0%| F|  |TAMS 0x000000070a400000, 0x000000070a400000| Untracked 
| 157|0x000000070a500000, 0x000000070a500000, 0x000000070a600000|  0%| F|  |TAMS 0x000000070a500000, 0x000000070a500000| Untracked 
| 158|0x000000070a600000, 0x000000070a600000, 0x000000070a700000|  0%| F|  |TAMS 0x000000070a600000, 0x000000070a600000| Untracked 
| 159|0x000000070a700000, 0x000000070a700000, 0x000000070a800000|  0%| F|  |TAMS 0x000000070a700000, 0x000000070a700000| Untracked 
| 160|0x000000070a800000, 0x000000070a800000, 0x000000070a900000|  0%| F|  |TAMS 0x000000070a800000, 0x000000070a800000| Untracked 
| 161|0x000000070a900000, 0x000000070a900000, 0x000000070aa00000|  0%| F|  |TAMS 0x000000070a900000, 0x000000070a900000| Untracked 
| 162|0x000000070aa00000, 0x000000070aa00000, 0x000000070ab00000|  0%| F|  |TAMS 0x000000070aa00000, 0x000000070aa00000| Untracked 
| 163|0x000000070ab00000, 0x000000070ab00000, 0x000000070ac00000|  0%| F|  |TAMS 0x000000070ab00000, 0x000000070ab00000| Untracked 
| 164|0x000000070ac00000, 0x000000070ac00000, 0x000000070ad00000|  0%| F|  |TAMS 0x000000070ac00000, 0x000000070ac00000| Untracked 
| 165|0x000000070ad00000, 0x000000070ad00000, 0x000000070ae00000|  0%| F|  |TAMS 0x000000070ad00000, 0x000000070ad00000| Untracked 
| 166|0x000000070ae00000, 0x000000070ae00000, 0x000000070af00000|  0%| F|  |TAMS 0x000000070ae00000, 0x000000070ae00000| Untracked 
| 167|0x000000070af00000, 0x000000070af00000, 0x000000070b000000|  0%| F|  |TAMS 0x000000070af00000, 0x000000070af00000| Untracked 
| 168|0x000000070b000000, 0x000000070b000000, 0x000000070b100000|  0%| F|  |TAMS 0x000000070b000000, 0x000000070b000000| Untracked 
| 169|0x000000070b100000, 0x000000070b100000, 0x000000070b200000|  0%| F|  |TAMS 0x000000070b100000, 0x000000070b100000| Untracked 
| 170|0x000000070b200000, 0x000000070b200000, 0x000000070b300000|  0%| F|  |TAMS 0x000000070b200000, 0x000000070b200000| Untracked 
| 171|0x000000070b300000, 0x000000070b300000, 0x000000070b400000|  0%| F|  |TAMS 0x000000070b300000, 0x000000070b300000| Untracked 
| 172|0x000000070b400000, 0x000000070b400000, 0x000000070b500000|  0%| F|  |TAMS 0x000000070b400000, 0x000000070b400000| Untracked 
| 173|0x000000070b500000, 0x000000070b500000, 0x000000070b600000|  0%| F|  |TAMS 0x000000070b500000, 0x000000070b500000| Untracked 
| 174|0x000000070b600000, 0x000000070b600000, 0x000000070b700000|  0%| F|  |TAMS 0x000000070b600000, 0x000000070b600000| Untracked 
| 175|0x000000070b700000, 0x000000070b700000, 0x000000070b800000|  0%| F|  |TAMS 0x000000070b700000, 0x000000070b700000| Untracked 
| 176|0x000000070b800000, 0x000000070b800000, 0x000000070b900000|  0%| F|  |TAMS 0x000000070b800000, 0x000000070b800000| Untracked 
| 177|0x000000070b900000, 0x000000070b900000, 0x000000070ba00000|  0%| F|  |TAMS 0x000000070b900000, 0x000000070b900000| Untracked 
| 178|0x000000070ba00000, 0x000000070ba00000, 0x000000070bb00000|  0%| F|  |TAMS 0x000000070ba00000, 0x000000070ba00000| Untracked 
| 179|0x000000070bb00000, 0x000000070bb00000, 0x000000070bc00000|  0%| F|  |TAMS 0x000000070bb00000, 0x000000070bb00000| Untracked 
| 180|0x000000070bc00000, 0x000000070bc00000, 0x000000070bd00000|  0%| F|  |TAMS 0x000000070bc00000, 0x000000070bc00000| Untracked 
| 181|0x000000070bd00000, 0x000000070bd00000, 0x000000070be00000|  0%| F|  |TAMS 0x000000070bd00000, 0x000000070bd00000| Untracked 
| 182|0x000000070be00000, 0x000000070be00000, 0x000000070bf00000|  0%| F|  |TAMS 0x000000070be00000, 0x000000070be00000| Untracked 
| 183|0x000000070bf00000, 0x000000070bf00000, 0x000000070c000000|  0%| F|  |TAMS 0x000000070bf00000, 0x000000070bf00000| Untracked 
| 184|0x000000070c000000, 0x000000070c000000, 0x000000070c100000|  0%| F|  |TAMS 0x000000070c000000, 0x000000070c000000| Untracked 
| 185|0x000000070c100000, 0x000000070c100000, 0x000000070c200000|  0%| F|  |TAMS 0x000000070c100000, 0x000000070c100000| Untracked 
| 186|0x000000070c200000, 0x000000070c200000, 0x000000070c300000|  0%| F|  |TAMS 0x000000070c200000, 0x000000070c200000| Untracked 
| 187|0x000000070c300000, 0x000000070c300000, 0x000000070c400000|  0%| F|  |TAMS 0x000000070c300000, 0x000000070c300000| Untracked 
| 188|0x000000070c400000, 0x000000070c400000, 0x000000070c500000|  0%| F|  |TAMS 0x000000070c400000, 0x000000070c400000| Untracked 
| 189|0x000000070c500000, 0x000000070c500000, 0x000000070c600000|  0%| F|  |TAMS 0x000000070c500000, 0x000000070c500000| Untracked 
| 190|0x000000070c600000, 0x000000070c600000, 0x000000070c700000|  0%| F|  |TAMS 0x000000070c600000, 0x000000070c600000| Untracked 
| 191|0x000000070c700000, 0x000000070c700000, 0x000000070c800000|  0%| F|  |TAMS 0x000000070c700000, 0x000000070c700000| Untracked 
| 192|0x000000070c800000, 0x000000070c800000, 0x000000070c900000|  0%| F|  |TAMS 0x000000070c800000, 0x000000070c800000| Untracked 
| 193|0x000000070c900000, 0x000000070c900000, 0x000000070ca00000|  0%| F|  |TAMS 0x000000070c900000, 0x000000070c900000| Untracked 
| 194|0x000000070ca00000, 0x000000070ca00000, 0x000000070cb00000|  0%| F|  |TAMS 0x000000070ca00000, 0x000000070ca00000| Untracked 
| 195|0x000000070cb00000, 0x000000070cb00000, 0x000000070cc00000|  0%| F|  |TAMS 0x000000070cb00000, 0x000000070cb00000| Untracked 
| 196|0x000000070cc00000, 0x000000070cc00000, 0x000000070cd00000|  0%| F|  |TAMS 0x000000070cc00000, 0x000000070cc00000| Untracked 
| 197|0x000000070cd00000, 0x000000070cd00000, 0x000000070ce00000|  0%| F|  |TAMS 0x000000070cd00000, 0x000000070cd00000| Untracked 
| 198|0x000000070ce00000, 0x000000070ce00000, 0x000000070cf00000|  0%| F|  |TAMS 0x000000070ce00000, 0x000000070ce00000| Untracked 
| 199|0x000000070cf00000, 0x000000070cf00000, 0x000000070d000000|  0%| F|  |TAMS 0x000000070cf00000, 0x000000070cf00000| Untracked 
| 200|0x000000070d000000, 0x000000070d000000, 0x000000070d100000|  0%| F|  |TAMS 0x000000070d000000, 0x000000070d000000| Untracked 
| 201|0x000000070d100000, 0x000000070d100000, 0x000000070d200000|  0%| F|  |TAMS 0x000000070d100000, 0x000000070d100000| Untracked 
| 202|0x000000070d200000, 0x000000070d200000, 0x000000070d300000|  0%| F|  |TAMS 0x000000070d200000, 0x000000070d200000| Untracked 
| 203|0x000000070d300000, 0x000000070d300000, 0x000000070d400000|  0%| F|  |TAMS 0x000000070d300000, 0x000000070d300000| Untracked 
| 204|0x000000070d400000, 0x000000070d400000, 0x000000070d500000|  0%| F|  |TAMS 0x000000070d400000, 0x000000070d400000| Untracked 
| 205|0x000000070d500000, 0x000000070d500000, 0x000000070d600000|  0%| F|  |TAMS 0x000000070d500000, 0x000000070d500000| Untracked 
| 206|0x000000070d600000, 0x000000070d600000, 0x000000070d700000|  0%| F|  |TAMS 0x000000070d600000, 0x000000070d600000| Untracked 
| 207|0x000000070d700000, 0x000000070d700000, 0x000000070d800000|  0%| F|  |TAMS 0x000000070d700000, 0x000000070d700000| Untracked 
| 208|0x000000070d800000, 0x000000070d800000, 0x000000070d900000|  0%| F|  |TAMS 0x000000070d800000, 0x000000070d800000| Untracked 
| 209|0x000000070d900000, 0x000000070d900000, 0x000000070da00000|  0%| F|  |TAMS 0x000000070d900000, 0x000000070d900000| Untracked 
| 210|0x000000070da00000, 0x000000070da00000, 0x000000070db00000|  0%| F|  |TAMS 0x000000070da00000, 0x000000070da00000| Untracked 
| 211|0x000000070db00000, 0x000000070db00000, 0x000000070dc00000|  0%| F|  |TAMS 0x000000070db00000, 0x000000070db00000| Untracked 
| 212|0x000000070dc00000, 0x000000070dc00000, 0x000000070dd00000|  0%| F|  |TAMS 0x000000070dc00000, 0x000000070dc00000| Untracked 
| 213|0x000000070dd00000, 0x000000070dd00000, 0x000000070de00000|  0%| F|  |TAMS 0x000000070dd00000, 0x000000070dd00000| Untracked 
| 214|0x000000070de00000, 0x000000070de00000, 0x000000070df00000|  0%| F|  |TAMS 0x000000070de00000, 0x000000070de00000| Untracked 
| 215|0x000000070df00000, 0x000000070e000000, 0x000000070e000000|100%| S|CS|TAMS 0x000000070df00000, 0x000000070df00000| Complete 
| 216|0x000000070e000000, 0x000000070e100000, 0x000000070e100000|100%| S|CS|TAMS 0x000000070e000000, 0x000000070e000000| Complete 
| 217|0x000000070e100000, 0x000000070e200000, 0x000000070e200000|100%| S|CS|TAMS 0x000000070e100000, 0x000000070e100000| Complete 
| 218|0x000000070e200000, 0x000000070e200000, 0x000000070e300000|  0%| F|  |TAMS 0x000000070e200000, 0x000000070e200000| Untracked 
| 219|0x000000070e300000, 0x000000070e300000, 0x000000070e400000|  0%| F|  |TAMS 0x000000070e300000, 0x000000070e300000| Untracked 
| 220|0x000000070e400000, 0x000000070e400000, 0x000000070e500000|  0%| F|  |TAMS 0x000000070e400000, 0x000000070e400000| Untracked 
| 221|0x000000070e500000, 0x000000070e500000, 0x000000070e600000|  0%| F|  |TAMS 0x000000070e500000, 0x000000070e500000| Untracked 
| 222|0x000000070e600000, 0x000000070e600000, 0x000000070e700000|  0%| F|  |TAMS 0x000000070e600000, 0x000000070e600000| Untracked 
| 223|0x000000070e700000, 0x000000070e700000, 0x000000070e800000|  0%| F|  |TAMS 0x000000070e700000, 0x000000070e700000| Untracked 
| 224|0x000000070e800000, 0x000000070e880800, 0x000000070e900000| 50%| E|  |TAMS 0x000000070e800000, 0x000000070e800000| Complete 
| 225|0x000000070e900000, 0x000000070ea00000, 0x000000070ea00000|100%| E|CS|TAMS 0x000000070e900000, 0x000000070e900000| Complete 
| 226|0x000000070ea00000, 0x000000070eb00000, 0x000000070eb00000|100%| E|CS|TAMS 0x000000070ea00000, 0x000000070ea00000| Complete 
| 227|0x000000070eb00000, 0x000000070ec00000, 0x000000070ec00000|100%| E|CS|TAMS 0x000000070eb00000, 0x000000070eb00000| Complete 
| 228|0x000000070ec00000, 0x000000070ed00000, 0x000000070ed00000|100%| E|CS|TAMS 0x000000070ec00000, 0x000000070ec00000| Complete 
| 229|0x000000070ed00000, 0x000000070ee00000, 0x000000070ee00000|100%| E|CS|TAMS 0x000000070ed00000, 0x000000070ed00000| Complete 
| 230|0x000000070ee00000, 0x000000070ef00000, 0x000000070ef00000|100%| E|CS|TAMS 0x000000070ee00000, 0x000000070ee00000| Complete 
| 231|0x000000070ef00000, 0x000000070f000000, 0x000000070f000000|100%| E|CS|TAMS 0x000000070ef00000, 0x000000070ef00000| Complete 
| 232|0x000000070f000000, 0x000000070f100000, 0x000000070f100000|100%| E|CS|TAMS 0x000000070f000000, 0x000000070f000000| Complete 
| 233|0x000000070f100000, 0x000000070f200000, 0x000000070f200000|100%| E|CS|TAMS 0x000000070f100000, 0x000000070f100000| Complete 
| 234|0x000000070f200000, 0x000000070f300000, 0x000000070f300000|100%| E|CS|TAMS 0x000000070f200000, 0x000000070f200000| Complete 
| 235|0x000000070f300000, 0x000000070f400000, 0x000000070f400000|100%| E|CS|TAMS 0x000000070f300000, 0x000000070f300000| Complete 
| 236|0x000000070f400000, 0x000000070f500000, 0x000000070f500000|100%| E|CS|TAMS 0x000000070f400000, 0x000000070f400000| Complete 
| 237|0x000000070f500000, 0x000000070f600000, 0x000000070f600000|100%| E|CS|TAMS 0x000000070f500000, 0x000000070f500000| Complete 
| 238|0x000000070f600000, 0x000000070f700000, 0x000000070f700000|100%| E|CS|TAMS 0x000000070f600000, 0x000000070f600000| Complete 
| 239|0x000000070f700000, 0x000000070f800000, 0x000000070f800000|100%| E|CS|TAMS 0x000000070f700000, 0x000000070f700000| Complete 
| 240|0x000000070f800000, 0x000000070f900000, 0x000000070f900000|100%| E|CS|TAMS 0x000000070f800000, 0x000000070f800000| Complete 
| 241|0x000000070f900000, 0x000000070fa00000, 0x000000070fa00000|100%| E|CS|TAMS 0x000000070f900000, 0x000000070f900000| Complete 
| 242|0x000000070fa00000, 0x000000070fb00000, 0x000000070fb00000|100%| E|CS|TAMS 0x000000070fa00000, 0x000000070fa00000| Complete 
| 243|0x000000070fb00000, 0x000000070fc00000, 0x000000070fc00000|100%| E|CS|TAMS 0x000000070fb00000, 0x000000070fb00000| Complete 
| 244|0x000000070fc00000, 0x000000070fd00000, 0x000000070fd00000|100%| E|CS|TAMS 0x000000070fc00000, 0x000000070fc00000| Complete 
| 245|0x000000070fd00000, 0x000000070fe00000, 0x000000070fe00000|100%| E|CS|TAMS 0x000000070fd00000, 0x000000070fd00000| Complete 
| 246|0x000000070fe00000, 0x000000070ff00000, 0x000000070ff00000|100%| E|CS|TAMS 0x000000070fe00000, 0x000000070fe00000| Complete 
| 247|0x000000070ff00000, 0x0000000710000000, 0x0000000710000000|100%| E|CS|TAMS 0x000000070ff00000, 0x000000070ff00000| Complete 
| 248|0x0000000710000000, 0x0000000710100000, 0x0000000710100000|100%| E|CS|TAMS 0x0000000710000000, 0x0000000710000000| Complete 
| 249|0x0000000710100000, 0x0000000710200000, 0x0000000710200000|100%| E|CS|TAMS 0x0000000710100000, 0x0000000710100000| Complete 
| 250|0x0000000710200000, 0x0000000710300000, 0x0000000710300000|100%| E|CS|TAMS 0x0000000710200000, 0x0000000710200000| Complete 
| 251|0x0000000710300000, 0x0000000710400000, 0x0000000710400000|100%| E|CS|TAMS 0x0000000710300000, 0x0000000710300000| Complete 
| 252|0x0000000710400000, 0x0000000710500000, 0x0000000710500000|100%| E|CS|TAMS 0x0000000710400000, 0x0000000710400000| Complete 
| 253|0x0000000710500000, 0x0000000710600000, 0x0000000710600000|100%| E|CS|TAMS 0x0000000710500000, 0x0000000710500000| Complete 
| 254|0x0000000710600000, 0x0000000710700000, 0x0000000710700000|100%| E|CS|TAMS 0x0000000710600000, 0x0000000710600000| Complete 
| 255|0x0000000710700000, 0x0000000710800000, 0x0000000710800000|100%| E|CS|TAMS 0x0000000710700000, 0x0000000710700000| Complete 

Card table byte_map: [0x000001e8c29f0000,0x000001e8c31f0000] _byte_map_base: 0x000001e8bf1ec000

Marking Bits (Prev, Next): (CMBitMap*) 0x000001e8aa6872e0, (CMBitMap*) 0x000001e8aa6872a8
 Prev Bits: [0x000001e8c79d0000, 0x000001e8cb9b0000)
 Next Bits: [0x000001e8c39f0000, 0x000001e8c79d0000)

Polling page: 0x000001e8a85a0000

Metaspace:

Usage:
  Non-class:     28.58 MB capacity,    28.00 MB ( 98%) used,   486.27 KB (  2%) free+waste,   104.13 KB ( <1%) overhead. 
      Class:      3.98 MB capacity,     3.62 MB ( 91%) used,   318.07 KB (  8%) free+waste,    50.00 KB (  1%) overhead. 
       Both:     32.56 MB capacity,    31.62 MB ( 97%) used,   804.34 KB (  2%) free+waste,   154.13 KB ( <1%) overhead. 

Virtual space:
  Non-class space:       30.00 MB reserved,      28.75 MB ( 96%) committed 
      Class space:        1.00 GB reserved,       4.00 MB ( <1%) committed 
             Both:        1.03 GB reserved,      32.75 MB (  3%) committed 

Chunk freelists:
   Non-Class:  49.00 KB
       Class:  18.00 KB
        Both:  67.00 KB

MaxMetaspaceSize: 17179869184.00 GB
CompressedClassSpaceSize: 1.00 GB

CodeHeap 'non-profiled nmethods': size=120000Kb used=1469Kb max_used=1469Kb free=118530Kb
 bounds [0x000001e8ba760000, 0x000001e8ba9d0000, 0x000001e8c1c90000]
CodeHeap 'profiled nmethods': size=120000Kb used=6050Kb max_used=6050Kb free=113949Kb
 bounds [0x000001e8b3230000, 0x000001e8b3820000, 0x000001e8ba760000]
CodeHeap 'non-nmethods': size=5760Kb used=1134Kb max_used=1193Kb free=4625Kb
 bounds [0x000001e8b2c90000, 0x000001e8b2f00000, 0x000001e8b3230000]
 total_blobs=3329 nmethods=2871 adapters=369
 compilation: enabled
              stopped_count=0, restarted_count=0
 full_count=0

Compilation events (20 events):
Event: 1.603 Thread 0x000001e8d0de8000 nmethod 2865 0x000001e8ba8cc590 code [0x000001e8ba8cc720, 0x000001e8ba8cc7b8]
Event: 1.605 Thread 0x000001e8cf055800 2866       1       java.util.LinkedList::size (5 bytes)
Event: 1.605 Thread 0x000001e8cf055800 nmethod 2866 0x000001e8ba8cc890 code [0x000001e8ba8cca40, 0x000001e8ba8ccaf8]
Event: 1.608 Thread 0x000001e8cf04d800 nmethod 2859 0x000001e8ba8ccb90 code [0x000001e8ba8ccd80, 0x000001e8ba8cd818]
Event: 1.609 Thread 0x000001e8cf055800 2867       3       java.lang.invoke.VarHandleGuards::guard_LII_Z (70 bytes)
Event: 1.609 Thread 0x000001e8cf055800 nmethod 2867 0x000001e8b3814890 code [0x000001e8b3814b40, 0x000001e8b3815b08]
Event: 1.609 Thread 0x000001e8cf055800 2868       3       java.lang.invoke.VarHandleInts$FieldInstanceReadWrite::compareAndSet (24 bytes)
Event: 1.609 Thread 0x000001e8cf055800 nmethod 2868 0x000001e8b3816090 code [0x000001e8b38162a0, 0x000001e8b3816768]
Event: 1.609 Thread 0x000001e8cf055800 2870       3       java.lang.reflect.Modifier::isFinal (13 bytes)
Event: 1.610 Thread 0x000001e8cf055800 nmethod 2870 0x000001e8b3816990 code [0x000001e8b3816b40, 0x000001e8b3816c78]
Event: 1.610 Thread 0x000001e8cf055800 2871       3       java.util.ArrayList::<init> (63 bytes)
Event: 1.610 Thread 0x000001e8cf055800 nmethod 2871 0x000001e8b3816d10 code [0x000001e8b3816f20, 0x000001e8b3817498]
Event: 1.612 Thread 0x000001e8cf1eb000 2872       4       org.springframework.beans.factory.support.AbstractBeanFactory::isFactoryBean (60 bytes)
Event: 1.614 Thread 0x000001e8cf055800 2873       3       java.util.logging.LogManager$LoggerContext::requiresDefaultLoggers (29 bytes)
Event: 1.614 Thread 0x000001e8cf055800 nmethod 2873 0x000001e8b3817610 code [0x000001e8b38177e0, 0x000001e8b38179e8]
Event: 1.616 Thread 0x000001e8cf055800 2874       3       java.io.File::<init> (113 bytes)
Event: 1.616 Thread 0x000001e8cf055800 nmethod 2874 0x000001e8b3817b10 code [0x000001e8b3817de0, 0x000001e8b3818808]
Event: 1.616 Thread 0x000001e8cf055800 2875       1       java.lang.ClassLoaderHelper::mapAlternativeName (2 bytes)
Event: 1.616 Thread 0x000001e8cf055800 nmethod 2875 0x000001e8ba8cdf90 code [0x000001e8ba8ce140, 0x000001e8ba8ce1d8]
Event: 1.621 Thread 0x000001e8cf1eb000 nmethod 2872 0x000001e8ba8ce290 code [0x000001e8ba8ce4a0, 0x000001e8ba8cee10]

GC Heap History (6 events):
Event: 0.487 GC heap before
{Heap before GC invocations=0 (full 0):
 garbage-first heap   total 262144K, used 23552K [0x0000000700800000, 0x0000000800000000)
  region size 1024K, 24 young (24576K), 0 survivors (0K)
 Metaspace       used 14614K, capacity 14940K, committed 14976K, reserved 1062912K
  class space    used 1490K, capacity 1632K, committed 1664K, reserved 1048576K
}
Event: 0.491 GC heap after
{Heap after GC invocations=1 (full 0):
 garbage-first heap   total 262144K, used 4417K [0x0000000700800000, 0x0000000800000000)
  region size 1024K, 3 young (3072K), 3 survivors (3072K)
 Metaspace       used 14614K, capacity 14940K, committed 14976K, reserved 1062912K
  class space    used 1490K, capacity 1632K, committed 1664K, reserved 1048576K
}
Event: 0.716 GC heap before
{Heap before GC invocations=1 (full 0):
 garbage-first heap   total 262144K, used 27969K [0x0000000700800000, 0x0000000800000000)
  region size 1024K, 27 young (27648K), 3 survivors (3072K)
 Metaspace       used 20666K, capacity 21128K, committed 21248K, reserved 1069056K
  class space    used 2247K, capacity 2467K, committed 2560K, reserved 1048576K
}
Event: 0.720 GC heap after
{Heap after GC invocations=2 (full 0):
 garbage-first heap   total 262144K, used 5758K [0x0000000700800000, 0x0000000800000000)
  region size 1024K, 5 young (5120K), 5 survivors (5120K)
 Metaspace       used 20666K, capacity 21128K, committed 21248K, reserved 1069056K
  class space    used 2247K, capacity 2467K, committed 2560K, reserved 1048576K
}
Event: 1.071 GC heap before
{Heap before GC invocations=3 (full 0):
 garbage-first heap   total 262144K, used 39550K [0x0000000700800000, 0x0000000800000000)
  region size 1024K, 38 young (38912K), 5 survivors (5120K)
 Metaspace       used 25782K, capacity 26451K, committed 26496K, reserved 1073152K
  class space    used 2913K, capacity 3169K, committed 3200K, reserved 1048576K
}
Event: 1.075 GC heap after
{Heap after GC invocations=4 (full 0):
 garbage-first heap   total 262144K, used 7437K [0x0000000700800000, 0x0000000800000000)
  region size 1024K, 3 young (3072K), 3 survivors (3072K)
 Metaspace       used 25782K, capacity 26451K, committed 26496K, reserved 1073152K
  class space    used 2913K, capacity 3169K, committed 3200K, reserved 1048576K
}

Deoptimization events (20 events):
Event: 1.542 Thread 0x000001e8aa623800 Uncommon trap: trap_request=0xffffff6e fr.pc=0x000001e8ba860d24 relative=0x00000000000014e4
Event: 1.542 Thread 0x000001e8aa623800 Uncommon trap: reason=speculate_class_check action=maybe_recompile pc=0x000001e8ba860d24 method=java.util.zip.InflaterInputStream.read([BII)I @ 100 c2
Event: 1.542 Thread 0x000001e8aa623800 DEOPT PACKING pc=0x000001e8ba860d24 sp=0x0000003ba94fd250
Event: 1.542 Thread 0x000001e8aa623800 DEOPT UNPACKING pc=0x000001e8b2cb772f sp=0x0000003ba94fd2b0 mode 2
Event: 1.560 Thread 0x000001e8aa623800 DEOPT PACKING pc=0x000001e8b37d0fe7 sp=0x0000003ba94fca50
Event: 1.560 Thread 0x000001e8aa623800 DEOPT UNPACKING pc=0x000001e8b2cb754e sp=0x0000003ba94fbff0 mode 0
Event: 1.566 Thread 0x000001e8aa623800 Uncommon trap: trap_request=0xffffffc6 fr.pc=0x000001e8ba7fb3e8 relative=0x0000000000000408
Event: 1.566 Thread 0x000001e8aa623800 Uncommon trap: reason=bimorphic_or_optimized_type_check action=maybe_recompile pc=0x000001e8ba7fb3e8 method=java.util.HashMap.getNode(ILjava/lang/Object;)Ljava/util/HashMap$Node; @ 126 c2
Event: 1.566 Thread 0x000001e8aa623800 DEOPT PACKING pc=0x000001e8ba7fb3e8 sp=0x0000003ba94fdaa0
Event: 1.566 Thread 0x000001e8aa623800 DEOPT UNPACKING pc=0x000001e8b2cb772f sp=0x0000003ba94fd9b8 mode 2
Event: 1.594 Thread 0x000001e8aa623800 DEOPT PACKING pc=0x000001e8b37835c0 sp=0x0000003ba94fb2b0
Event: 1.594 Thread 0x000001e8aa623800 DEOPT UNPACKING pc=0x000001e8b2cb754e sp=0x0000003ba94fa7c8 mode 0
Event: 1.609 Thread 0x000001e8d34e3000 Uncommon trap: trap_request=0xffffffde fr.pc=0x000001e8ba814ba0 relative=0x00000000000011e0
Event: 1.609 Thread 0x000001e8d34e3000 Uncommon trap: reason=class_check action=maybe_recompile pc=0x000001e8ba814ba0 method=java.util.concurrent.ConcurrentHashMap.putVal(Ljava/lang/Object;Ljava/lang/Object;Z)Ljava/lang/Object; @ 159 c2
Event: 1.609 Thread 0x000001e8d34e3000 DEOPT PACKING pc=0x000001e8ba814ba0 sp=0x0000003baaffe470
Event: 1.609 Thread 0x000001e8d34e3000 DEOPT UNPACKING pc=0x000001e8b2cb772f sp=0x0000003baaffe400 mode 2
Event: 1.609 Thread 0x000001e8d34e3000 Uncommon trap: trap_request=0xffffff5c fr.pc=0x000001e8ba87f8b8 relative=0x00000000000015d8
Event: 1.609 Thread 0x000001e8d34e3000 Uncommon trap: reason=speculate_null_assert action=make_not_entrant pc=0x000001e8ba87f8b8 method=java.lang.invoke.MethodType$ConcurrentWeakInternSet.add(Ljava/lang/Object;)Ljava/lang/Object; @ 47 c2
Event: 1.609 Thread 0x000001e8d34e3000 DEOPT PACKING pc=0x000001e8ba87f8b8 sp=0x0000003baaffe530
Event: 1.609 Thread 0x000001e8d34e3000 DEOPT UNPACKING pc=0x000001e8b2cb772f sp=0x0000003baaffe4e8 mode 2

Classes redefined (0 events):
No events

Internal exceptions (20 events):
Event: 0.780 Thread 0x000001e8d0241800 Exception <a 'java/lang/NoSuchMethodError'{0x000000070fd59c80}: 'long java.lang.invoke.DirectMethodHandle$Holder.invokeSpecial(java.lang.Object, java.lang.Object)'> (0x000000070fd59c80) thrown at [./src/hotspot/share/interpreter/linkResolver.cpp, line 773]
Event: 0.781 Thread 0x000001e8d0241800 Exception <a 'java/lang/NoSuchMethodError'{0x000000070fde4288}: 'long java.lang.invoke.DirectMethodHandle$Holder.invokeStatic(java.lang.Object, java.lang.Object)'> (0x000000070fde4288) thrown at [./src/hotspot/share/interpreter/linkResolver.cpp, line 773]
Event: 0.781 Thread 0x000001e8d0241800 Exception <a 'java/lang/NoSuchMethodError'{0x000000070fde70b0}: 'long java.lang.invoke.DirectMethodHandle$Holder.invokeStaticInit(java.lang.Object, java.lang.Object)'> (0x000000070fde70b0) thrown at [./src/hotspot/share/interpreter/linkResolver.cpp, line 773]
Event: 0.782 Thread 0x000001e8d0241800 Exception <a 'java/lang/NoSuchMethodError'{0x000000070fdf3570}: 'long java.lang.invoke.DirectMethodHandle$Holder.invokeInterface(java.lang.Object, java.lang.Object)'> (0x000000070fdf3570) thrown at [./src/hotspot/share/interpreter/linkResolver.cpp, line 773]
Event: 0.783 Thread 0x000001e8d0241800 Exception <a 'java/lang/IncompatibleClassChangeError'{0x000000070fdf6308}: Found class java.lang.Object, but interface was expected> (0x000000070fdf6308) thrown at [./src/hotspot/share/interpreter/linkResolver.cpp, line 839]
Event: 0.789 Thread 0x000001e8d0241800 Exception <a 'java/lang/NoSuchMethodError'{0x000000070fcf19c8}: 'java.lang.Object java.lang.invoke.DirectMethodHandle$Holder.invokeVirtual(java.lang.Object, java.lang.Object, java.lang.Object, java.lang.Object)'> (0x000000070fcf19c8) thrown at [./src/hotspot/share/interpreter/linkResolver.cpp, line 773]
Event: 0.845 Thread 0x000001e8aa623800 Exception <a 'java/lang/IncompatibleClassChangeError'{0x000000070f7ba318}: Found class java.lang.Object, but interface was expected> (0x000000070f7ba318) thrown at [./src/hotspot/share/interpreter/linkResolver.cpp, line 839]
Event: 0.864 Thread 0x000001e8aa623800 Exception <a 'java/lang/NoSuchMethodError'{0x000000070f528dc8}: 'void java.lang.invoke.DirectMethodHandle$Holder.invokeInterface(java.lang.Object, java.lang.Object, java.lang.Object, java.lang.Object)'> (0x000000070f528dc8) thrown at [./src/hotspot/share/interpreter/linkResolver.cpp, line 773]
Event: 0.929 Thread 0x000001e8aa623800 Exception <a 'java/lang/NoSuchMethodError'{0x000000070f1c1810}: 'void java.lang.invoke.DelegatingMethodHandle$Holder.delegate(java.lang.Object, java.lang.Object, int, java.lang.Object)'> (0x000000070f1c1810) thrown at [./src/hotspot/share/interpreter/linkResolver.cpp, line 773]
Event: 1.166 Thread 0x000001e8aa623800 Exception <a 'java/lang/NoSuchMethodError'{0x000000071004d8c8}: 'void java.lang.invoke.DirectMethodHandle$Holder.invokeSpecial(java.lang.Object, java.lang.Object, java.lang.Object, java.lang.Object, java.lang.Object, java.lang.Object)'> (0x000000071004d8c8) thrown at [./src/hotspot/share/interpreter/linkResolver.cpp, line 773]
Event: 1.194 Thread 0x000001e8aa623800 Exception <a 'java/lang/NoSuchMethodError'{0x000000070fe5f3d0}: 'int java.lang.invoke.DirectMethodHandle$Holder.invokeSpecial(java.lang.Object, java.lang.Object, java.lang.Object, java.lang.Object, java.lang.Object)'> (0x000000070fe5f3d0) thrown at [./src/hotspot/share/interpreter/linkResolver.cpp, line 773]
Event: 1.237 Thread 0x000001e8aa623800 Exception <a 'java/lang/NoSuchMethodError'{0x000000070fb3ae88}: 'void java.lang.invoke.DirectMethodHandle$Holder.invokeInterface(java.lang.Object, java.lang.Object, int)'> (0x000000070fb3ae88) thrown at [./src/hotspot/share/interpreter/linkResolver.cpp, line 773]
Event: 1.238 Thread 0x000001e8aa623800 Exception <a 'java/lang/NoSuchMethodError'{0x000000070fb53230}: 'int java.lang.invoke.DirectMethodHandle$Holder.invokeVirtual(java.lang.Object, java.lang.Object)'> (0x000000070fb53230) thrown at [./src/hotspot/share/interpreter/linkResolver.cpp, line 773]
Event: 1.241 Thread 0x000001e8aa623800 Exception <a 'java/lang/IncompatibleClassChangeError'{0x000000070fb895f8}: Found class java.lang.Object, but interface was expected> (0x000000070fb895f8) thrown at [./src/hotspot/share/interpreter/linkResolver.cpp, line 839]
Event: 1.241 Thread 0x000001e8aa623800 Exception <a 'java/lang/NoSuchMethodError'{0x000000070fb8e4a0}: 'void java.lang.invoke.DirectMethodHandle$Holder.invokeStatic(java.lang.Object, int, java.lang.Object)'> (0x000000070fb8e4a0) thrown at [./src/hotspot/share/interpreter/linkResolver.cpp, line 773]
Event: 1.294 Thread 0x000001e8aa623800 Exception <a 'java/lang/NoSuchMethodError'{0x000000070f736a18}: 'java.lang.Object java.lang.invoke.DirectMethodHandle$Holder.invokeStaticInit(java.lang.Object, int, int, int, int)'> (0x000000070f736a18) thrown at [./src/hotspot/share/interpreter/linkResolver.cpp, line 773]
Event: 1.450 Thread 0x000001e8aa623800 Exception <a 'java/lang/NoSuchMethodError'{0x000000070f7f3448}: 'java.lang.Object java.lang.invoke.DirectMethodHandle$Holder.invokeStaticInit(java.lang.Object, java.lang.Object, int, int, int, int)'> (0x000000070f7f3448) thrown at [./src/hotspot/share/interpreter/linkResolver.cpp, line 773]
Event: 1.565 Thread 0x000001e8aa623800 Exception <a 'java/io/FileNotFoundException'{0x000000070ed75748}> (0x000000070ed75748) thrown at [./src/hotspot/share/prims/jni.cpp, line 615]
Event: 1.580 Thread 0x000001e8aa623800 Exception <a 'java/lang/NoSuchMethodError'{0x000000070ec65178}: 'int java.lang.invoke.DirectMethodHandle$Holder.invokeInterface(java.lang.Object, java.lang.Object, java.lang.Object, java.lang.Object)'> (0x000000070ec65178) thrown at [./src/hotspot/share/interpreter/linkResolver.cpp, line 773]
Event: 1.605 Thread 0x000001e8aa623800 Exception <a 'java/io/FileNotFoundException'{0x000000070ea1d390}> (0x000000070ea1d390) thrown at [./src/hotspot/share/prims/jni.cpp, line 615]

Events (20 events):
Event: 1.621 loading class org/jpl7/fli/PointerHolder
Event: 1.621 loading class org/jpl7/fli/PointerHolder done
Event: 1.621 loading class org/jpl7/fli/qid_t
Event: 1.621 loading class org/jpl7/fli/qid_t done
Event: 1.621 loading class org/jpl7/fli/module_t
Event: 1.621 loading class org/jpl7/fli/module_t done
Event: 1.621 loading class org/jpl7/fli/engine_t
Event: 1.621 loading class org/jpl7/fli/engine_t done
Event: 1.621 loading class org/jpl7/fli/IntHolder
Event: 1.621 loading class org/jpl7/fli/IntHolder done
Event: 1.621 loading class org/jpl7/fli/Int64Holder
Event: 1.621 loading class org/jpl7/fli/Int64Holder done
Event: 1.621 loading class org/jpl7/fli/DoubleHolder
Event: 1.621 loading class org/jpl7/fli/DoubleHolder done
Event: 1.621 loading class org/jpl7/fli/StringHolder
Event: 1.621 loading class org/jpl7/fli/StringHolder done
Event: 1.622 loading class org/jpl7/fli/ObjectHolder
Event: 1.622 loading class org/jpl7/fli/ObjectHolder done
Event: 1.622 loading class org/jpl7/fli/BooleanHolder
Event: 1.622 loading class org/jpl7/fli/BooleanHolder done


Dynamic libraries:
0x00007ff6aa2c0000 - 0x00007ff6aa2cd000 	C:\Users\joaog\AppData\Local\Programs\AdoptOpenJDK\jdk-11.0.8.10-hotspot\bin\java.exe
0x00007ffb073d0000 - 0x00007ffb075c5000 	C:\WINDOWS\SYSTEM32\ntdll.dll
0x00007ffb069e0000 - 0x00007ffb06a9d000 	C:\WINDOWS\System32\KERNEL32.DLL
0x00007ffb04de0000 - 0x00007ffb050a8000 	C:\WINDOWS\System32\KERNELBASE.dll
0x00007ffb05300000 - 0x00007ffb05400000 	C:\WINDOWS\System32\ucrtbase.dll
0x00007ffb007d0000 - 0x00007ffb007e7000 	C:\Users\joaog\AppData\Local\Programs\AdoptOpenJDK\jdk-11.0.8.10-hotspot\bin\jli.dll
0x00007ffaf5890000 - 0x00007ffaf58a5000 	C:\Users\joaog\AppData\Local\Programs\AdoptOpenJDK\jdk-11.0.8.10-hotspot\bin\VCRUNTIME140.dll
0x00007ffb05d40000 - 0x00007ffb05ee0000 	C:\WINDOWS\System32\USER32.dll
0x00007ffaee360000 - 0x00007ffaee5fa000 	C:\WINDOWS\WinSxS\amd64_microsoft.windows.common-controls_6595b64144ccf1df_6.0.19041.844_none_ca00b6081b84eb1d\COMCTL32.dll
0x00007ffb052d0000 - 0x00007ffb052f2000 	C:\WINDOWS\System32\win32u.dll
0x00007ffb07330000 - 0x00007ffb0735a000 	C:\WINDOWS\System32\GDI32.dll
0x00007ffb06aa0000 - 0x00007ffb06b3e000 	C:\WINDOWS\System32\msvcrt.dll
0x00007ffb051c0000 - 0x00007ffb052cb000 	C:\WINDOWS\System32\gdi32full.dll
0x00007ffb04d40000 - 0x00007ffb04ddd000 	C:\WINDOWS\System32\msvcp_win.dll
0x00007ffb06bb0000 - 0x00007ffb06be0000 	C:\WINDOWS\System32\IMM32.DLL
0x00007ffad88a0000 - 0x00007ffad893b000 	C:\Users\joaog\AppData\Local\Programs\AdoptOpenJDK\jdk-11.0.8.10-hotspot\bin\msvcp140.dll
0x00007ffab1e40000 - 0x00007ffab28fd000 	C:\Users\joaog\AppData\Local\Programs\AdoptOpenJDK\jdk-11.0.8.10-hotspot\bin\server\jvm.dll
0x00007ffb05bb0000 - 0x00007ffb05c5c000 	C:\WINDOWS\System32\ADVAPI32.dll
0x00007ffb05ee0000 - 0x00007ffb05f7b000 	C:\WINDOWS\System32\sechost.dll
0x00007ffb05a80000 - 0x00007ffb05bab000 	C:\WINDOWS\System32\RPCRT4.dll
0x00007ffb069d0000 - 0x00007ffb069d8000 	C:\WINDOWS\System32\PSAPI.DLL
0x00007ffb023e0000 - 0x00007ffb023e9000 	C:\WINDOWS\SYSTEM32\WSOCK32.dll
0x00007ffaf5830000 - 0x00007ffaf5857000 	C:\WINDOWS\SYSTEM32\WINMM.dll
0x00007ffafe510000 - 0x00007ffafe51a000 	C:\WINDOWS\SYSTEM32\VERSION.dll
0x00007ffb06b40000 - 0x00007ffb06bab000 	C:\WINDOWS\System32\WS2_32.dll
0x00007ffb02a40000 - 0x00007ffb02a52000 	C:\WINDOWS\SYSTEM32\kernel.appcore.dll
0x00007ffaf56b0000 - 0x00007ffaf56c0000 	C:\Users\joaog\AppData\Local\Programs\AdoptOpenJDK\jdk-11.0.8.10-hotspot\bin\verify.dll
0x00007ffaf08e0000 - 0x00007ffaf0ac4000 	C:\WINDOWS\SYSTEM32\DBGHELP.DLL
0x00007ffaf0660000 - 0x00007ffaf068c000 	C:\WINDOWS\SYSTEM32\dbgcore.DLL
0x00007ffb04b60000 - 0x00007ffb04be0000 	C:\WINDOWS\System32\bcryptPrimitives.dll
0x00007ffae5770000 - 0x00007ffae5798000 	C:\Users\joaog\AppData\Local\Programs\AdoptOpenJDK\jdk-11.0.8.10-hotspot\bin\java.dll
0x00007ffaf56a0000 - 0x00007ffaf56aa000 	C:\Users\joaog\AppData\Local\Programs\AdoptOpenJDK\jdk-11.0.8.10-hotspot\bin\jimage.dll
0x00007ffaf3500000 - 0x00007ffaf350e000 	C:\Users\joaog\AppData\Local\Programs\AdoptOpenJDK\jdk-11.0.8.10-hotspot\bin\instrument.dll
0x00007ffaf5620000 - 0x00007ffaf5637000 	C:\Users\joaog\AppData\Local\Programs\AdoptOpenJDK\jdk-11.0.8.10-hotspot\bin\zip.dll
0x00007ffb06be0000 - 0x00007ffb07322000 	C:\WINDOWS\System32\SHELL32.dll
0x00007ffb02c40000 - 0x00007ffb033d1000 	C:\WINDOWS\SYSTEM32\windows.storage.dll
0x00007ffb05720000 - 0x00007ffb05a75000 	C:\WINDOWS\System32\combase.dll
0x00007ffb04550000 - 0x00007ffb0457c000 	C:\WINDOWS\SYSTEM32\Wldp.dll
0x00007ffb06140000 - 0x00007ffb061ee000 	C:\WINDOWS\System32\SHCORE.dll
0x00007ffb05400000 - 0x00007ffb05455000 	C:\WINDOWS\System32\shlwapi.dll
0x00007ffb04a20000 - 0x00007ffb04a3f000 	C:\WINDOWS\SYSTEM32\profapi.dll
0x00007ffae5130000 - 0x00007ffae5149000 	C:\Users\joaog\AppData\Local\Programs\AdoptOpenJDK\jdk-11.0.8.10-hotspot\bin\net.dll
0x00007ffaff960000 - 0x00007ffaffa6b000 	C:\WINDOWS\SYSTEM32\WINHTTP.dll
0x00007ffb042c0000 - 0x00007ffb0432a000 	C:\WINDOWS\system32\mswsock.dll
0x00007ffae1b30000 - 0x00007ffae1b42000 	C:\Users\joaog\AppData\Local\Programs\AdoptOpenJDK\jdk-11.0.8.10-hotspot\bin\nio.dll
0x00007ffae1a10000 - 0x00007ffae1a2a000 	D:\IntelliJ\IntelliJ IDEA Community Edition 2020.2.3\bin\breakgen64.dll
0x00007ffaf34f0000 - 0x00007ffaf34f9000 	C:\Users\joaog\AppData\Local\Programs\AdoptOpenJDK\jdk-11.0.8.10-hotspot\bin\management.dll
0x00007ffaef3d0000 - 0x00007ffaef3db000 	C:\Users\joaog\AppData\Local\Programs\AdoptOpenJDK\jdk-11.0.8.10-hotspot\bin\management_ext.dll
0x00007ffaee060000 - 0x00007ffaee077000 	C:\WINDOWS\system32\napinsp.dll
0x00007ffaed9b0000 - 0x00007ffaed9cb000 	C:\WINDOWS\system32\pnrpnsp.dll
0x00007ffaed920000 - 0x00007ffaed935000 	C:\WINDOWS\system32\wshbth.dll
0x00007ffb00660000 - 0x00007ffb0067d000 	C:\WINDOWS\system32\NLAapi.dll
0x00007ffb03f60000 - 0x00007ffb03f9b000 	C:\WINDOWS\SYSTEM32\IPHLPAPI.DLL
0x00007ffb03fa0000 - 0x00007ffb0406c000 	C:\WINDOWS\SYSTEM32\DNSAPI.dll
0x00007ffb061f0000 - 0x00007ffb061f8000 	C:\WINDOWS\System32\NSI.dll
0x00007ffaed960000 - 0x00007ffaed972000 	C:\WINDOWS\System32\winrnr.dll
0x00007ffaf3de0000 - 0x00007ffaf3dea000 	C:\Windows\System32\rasadhlp.dll
0x00007ffaf4940000 - 0x00007ffaf49bf000 	C:\WINDOWS\System32\fwpuclnt.dll
0x00007ffb04b30000 - 0x00007ffb04b57000 	C:\WINDOWS\System32\bcrypt.dll
0x00007ffb04490000 - 0x00007ffb044a8000 	C:\WINDOWS\SYSTEM32\CRYPTSP.dll
0x00007ffb03bf0000 - 0x00007ffb03c24000 	C:\WINDOWS\system32\rsaenh.dll
0x00007ffb049a0000 - 0x00007ffb049ce000 	C:\WINDOWS\SYSTEM32\USERENV.dll
0x00007ffb044b0000 - 0x00007ffb044bc000 	C:\WINDOWS\SYSTEM32\CRYPTBASE.dll
0x00007ffafee60000 - 0x00007ffafee77000 	C:\WINDOWS\SYSTEM32\dhcpcsvc6.DLL
0x00007ffaff5d0000 - 0x00007ffaff5ed000 	C:\WINDOWS\SYSTEM32\dhcpcsvc.DLL
0x0000000050090000 - 0x0000000050135000 	C:\Program Files\swipl\bin\jpl.dll
0x0000000077900000 - 0x0000000077994000 	C:\Program Files\swipl\bin\libwinpthread-1.dll
0x0000000076a00000 - 0x0000000077461000 	C:\Program Files\swipl\bin\libswipl.dll
0x00007ffb06000000 - 0x00007ffb0601d000 	C:\WINDOWS\System32\imagehlp.dll
0x0000000069e80000 - 0x0000000069f55000 	C:\Program Files\swipl\bin\libdwarf.dll
0x0000000050150000 - 0x0000000050177000 	C:\Program Files\swipl\bin\zlib1.dll
0x0000000077840000 - 0x00000000778fc000 	C:\Program Files\swipl\bin\libgmp-10.dll
0x0000000061440000 - 0x00000000614be000 	C:\Program Files\swipl\bin\libgcc_s_seh-1.dll

dbghelp: loaded successfully - version: 4.0.5 - missing functions: none
symbol engine: initialized successfully - sym options: 0x614 - pdb path: .;C:\Users\joaog\AppData\Local\Programs\AdoptOpenJDK\jdk-11.0.8.10-hotspot\bin;C:\WINDOWS\SYSTEM32;C:\WINDOWS\WinSxS\amd64_microsoft.windows.common-controls_6595b64144ccf1df_6.0.19041.844_none_ca00b6081b84eb1d;C:\Users\joaog\AppData\Local\Programs\AdoptOpenJDK\jdk-11.0.8.10-hotspot\bin\server;D:\IntelliJ\IntelliJ IDEA Community Edition 2020.2.3\bin;C:\Program Files\swipl\bin

VM Arguments:
jvm_args: -javaagent:D:\IntelliJ\IntelliJ IDEA Community Edition 2020.2.3\lib\idea_rt.jar=53968:D:\IntelliJ\IntelliJ IDEA Community Edition 2020.2.3\bin -Dfile.encoding=UTF-8 
java_command: com.sbc.rest.service.Application
java_class_path (initial): C:\Users\joaog\Desktop\rest.service\target\classes;C:\Users\joaog\.m2\repository\org\springframework\boot\spring-boot-starter-web\2.4.5\spring-boot-starter-web-2.4.5.jar;C:\Users\joaog\.m2\repository\org\springframework\boot\spring-boot-starter\2.4.5\spring-boot-starter-2.4.5.jar;C:\Users\joaog\.m2\repository\org\springframework\boot\spring-boot\2.4.5\spring-boot-2.4.5.jar;C:\Users\joaog\.m2\repository\org\springframework\boot\spring-boot-autoconfigure\2.4.5\spring-boot-autoconfigure-2.4.5.jar;C:\Users\joaog\.m2\repository\org\springframework\boot\spring-boot-starter-logging\2.4.5\spring-boot-starter-logging-2.4.5.jar;C:\Users\joaog\.m2\repository\ch\qos\logback\logback-classic\1.2.3\logback-classic-1.2.3.jar;C:\Users\joaog\.m2\repository\ch\qos\logback\logback-core\1.2.3\logback-core-1.2.3.jar;C:\Users\joaog\.m2\repository\org\apache\logging\log4j\log4j-to-slf4j\2.13.3\log4j-to-slf4j-2.13.3.jar;C:\Users\joaog\.m2\repository\org\apache\logging\log4j\log4j-api\2.13.3\log4j-api-2.13.3.jar;C:\Users\joaog\.m2\repository\org\slf4j\jul-to-slf4j\1.7.30\jul-to-slf4j-1.7.30.jar;C:\Users\joaog\.m2\repository\jakarta\annotation\jakarta.annotation-api\1.3.5\jakarta.annotation-api-1.3.5.jar;C:\Users\joaog\.m2\repository\org\yaml\snakeyaml\1.27\snakeyaml-1.27.jar;C:\Users\joaog\.m2\repository\org\springframework\boot\spring-boot-starter-json\2.4.5\spring-boot-starter-json-2.4.5.jar;C:\Users\joaog\.m2\repository\com\fasterxml\jackson\core\jackson-databind\2.11.4\jackson-databind-2.11.4.jar;C:\Users\joaog\.m2\repository\com\fasterxml\jackson\core\jackson-annotations\2.11.4\jackson-annotations-2.11.4.jar;C:\Users\joaog\.m2\repository\com\fasterxml\jackson\core\jackson-core\2.11.4\jackson-core-2.11.4.jar;C:\Users\joaog\.m2\repository\com\fasterxml\jackson\datatype\jackson-datatype-jdk8\2.11.4\jackson-datatype-jdk8-2.11.4.jar;C:\Users\joaog\.m2\repository\com\fasterxml\jackson\datatype\jackson-datatype-jsr310\2.11.4\jackson-datatype-jsr310-2.11.4.jar;C:\Us
Launcher Type: SUN_STANDARD

[Global flags]
     intx CICompilerCount                          = 4                                         {product} {ergonomic}
     uint ConcGCThreads                            = 3                                         {product} {ergonomic}
     uint G1ConcRefinementThreads                  = 10                                        {product} {ergonomic}
   size_t G1HeapRegionSize                         = 1048576                                   {product} {ergonomic}
    uintx GCDrainStackTargetSize                   = 64                                        {product} {ergonomic}
   size_t InitialHeapSize                          = 268435456                                 {product} {ergonomic}
   size_t MarkStackSize                            = 4194304                                   {product} {ergonomic}
   size_t MaxHeapSize                              = 4286578688                                {product} {ergonomic}
   size_t MaxNewSize                               = 2571108352                                {product} {ergonomic}
   size_t MinHeapDeltaBytes                        = 1048576                                   {product} {ergonomic}
    uintx NonNMethodCodeHeapSize                   = 5836300                                {pd product} {ergonomic}
    uintx NonProfiledCodeHeapSize                  = 122910970                              {pd product} {ergonomic}
    uintx ProfiledCodeHeapSize                     = 122910970                              {pd product} {ergonomic}
    uintx ReservedCodeCacheSize                    = 251658240                              {pd product} {ergonomic}
     bool SegmentedCodeCache                       = true                                      {product} {ergonomic}
     bool UseCompressedClassPointers               = true                                 {lp64_product} {ergonomic}
     bool UseCompressedOops                        = true                                 {lp64_product} {ergonomic}
     bool UseG1GC                                  = true                                      {product} {ergonomic}
     bool UseLargePagesIndividualAllocation        = false                                  {pd product} {ergonomic}

Logging:
Log output configuration:
 #0: stdout all=warning uptime,level,tags
 #1: stderr all=off uptime,level,tags

Environment Variables:
JAVA_HOME=C:\Users\joaog\AppData\Local\Programs\AdoptOpenJDK\jdk-11.0.8.10-hotspot\
PATH=C:\Program Files (x86)\Common Files\Oracle\Java\javapath;C:\Program Files (x86)\Razer Chroma SDK\bin;C:\Program Files\Razer Chroma SDK\bin;C:\Program Files (x86)\Razer\ChromaBroadcast\bin;C:\Program Files\Razer\ChromaBroadcast\bin;c:\windows\system32;c:\windows;c:\windows\system32\wbem;c:\windows\system32\windowspowershell\v1.0\;c:\windows\system32\openssh\;C:\Program Files (x86)\NVIDIA Corporation\PhysX\Common;C:\Program Files\NVIDIA Corporation\NVIDIA NvDLISR;C:\Windows\system32\config\systemprofile\AppData\Local\Microsoft\WindowsApps;C:\WINDOWS\system32;C:\WINDOWS;C:\WINDOWS\System32\Wbem;C:\WINDOWS\System32\WindowsPowerShell\v1.0\;C:\WINDOWS\System32\OpenSSH\;C:\ProgramData\chocolatey\bin;D:\node\;C:\Program Files\apache-maven-3.6.3\bin;C:\Program Files\MySQL\MySQL Utilities 1.6\;C:\Program Files\Java\jdk1.8.0_261\bin;C:\Program Files\dotnet\;C:\Program Files\Microsoft SQL Server\130\Tools\Binn\;C:\Program Files\Microsoft SQL Server\Client SDK\ODBC\170\Tools\Binn\;D:\OpenCv\opencv\build\x64\vc15\bin;C:\Program Files (x86)\dotnet\;D:\git\Git\cmd;D:\SAP CLI\Cloud Foundry;C:\Program Files (x86)\Windows Kits\10\Windows Performance Toolkit\;C:\Program Files\swipl\bin;C:\Users\joaog\.windows-build-tools\python27\;C:\Users\joaog\.windows-build-tools\python27\;C:\Users\joaog\.windows-build-tools\python27\;C:\Users\joaog\.windows-build-tools\python27\;C:\Users\joaog\.windows-build-tools\python27\;C:\Users\joaog\AppData\Local\Programs\AdoptOpenJDK\jdk-11.0.8.10-hotspot\bin;C:\Users\joaog\AppData\Local\Programs\Python\Python38-32\Scripts\;C:\Users\joaog\AppData\Local\Programs\Python\Python38-32\;C:\Users\joaog\AppData\Local\Microsoft\WindowsApps;D:\Microsoft VS Code\bin;C:\Users\joaog\AppData\Roaming\npm;C:\Program Files\heroku\bin;C:\Users\joaog\.dotnet\tools;D:\Flutter\flutter\bin;C:\Users\joaog\AppData\Local\Microsoft\WindowsApps;D:\Cmake\bin;D:\OpenCv\opencv\build\x64\vc15\bin;
USERNAME=joaog
OS=Windows_NT
PROCESSOR_IDENTIFIER=Intel64 Family 6 Model 158 Stepping 10, GenuineIntel



---------------  S Y S T E M  ---------------

OS: Windows 10 , 64 bit Build 19041 (10.0.19041.928)
OS uptime: 1 days 7:50 hours

CPU:total 12 (initial active 12) (6 cores per cpu, 2 threads per core) family 6 model 158 stepping 10, cmov, cx8, fxsr, mmx, sse, sse2, sse3, ssse3, sse4.1, sse4.2, popcnt, avx, avx2, aes, clmul, erms, rtm, 3dnowpref, lzcnt, ht, tsc, tscinvbit, bmi1, bmi2, adx, fma

Memory: 4k page, system-wide physical 16344M (6757M free)
TotalPageFile size 18776M (AvailPageFile size 4131M)
current process WorkingSet (physical memory assigned to process): 189M, peak: 196M
current process commit charge ("private bytes"): 444M, peak: 453M

vm_info: OpenJDK 64-Bit Server VM (11.0.8+10) for windows-amd64 JRE (11.0.8+10), built on Jul 15 2020 11:45:54 by "" with MS VC++ 15.9 (VS2017)

END.
